<?xml version="1.0" encoding="UTF-8"?>
<!-- Generated by org.testng.reporters.JUnitXMLReporter -->
<testsuite hostname="RAM-PC" ignored="0" name="Test-2" tests="2" failures="0" timestamp="17 Feb 2020 06:28:45 GMT" time="19.452" errors="0">
  <testcase name="testMethodsOne" time="0.027" classname="com.qa.parallel.ParallelMethodTest"/>
  <testcase name="testMethodsTwo" time="0.003" classname="com.qa.parallel.ParallelMethodTest"/>
</testsuite> <!-- Test-2 -->
