<?xml version="1.0" encoding="UTF-8"?>
<!-- Generated by org.testng.reporters.JUnitXMLReporter -->
<testsuite hostname="RAM-PC" ignored="0" name="Test-1" tests="1" failures="0" timestamp="17 Feb 2020 06:28:45 GMT" time="19.453" errors="0">
  <testcase name="testMethodOne" time="0.043" classname="com.qa.parallel.ParallelTestCasesTestSuite"/>
</testsuite> <!-- Test-1 -->
