<?xml version="1.0" encoding="UTF-8"?>
<!-- Generated by org.testng.reporters.JUnitReportReporter -->
<testsuite skipped="0" hostname="RAM-PC" name="com.qa.homePageTests.CreateNewRecord" tests="1" failures="0" timestamp="13 Feb 2020 18:53:17 GMT" time="13.975" errors="0">
  <testcase name="createNewRec" time="13.975" classname="com.qa.homePageTests.CreateNewRecord"/>
</testsuite> <!-- com.qa.homePageTests.CreateNewRecord -->
