<?xml version="1.0" encoding="UTF-8"?>
<!-- Generated by org.testng.reporters.JUnitReportReporter -->
<testsuite skipped="0" hostname="RAM-PC" name="com.qa.homePageTests.CreateNewRecord" tests="1" failures="0" timestamp="23 Nov 2019 05:50:52 GMT" time="10.522" errors="0">
  <testcase name="createNewRec" time="10.522" classname="com.qa.homePageTests.CreateNewRecord"/>
</testsuite> <!-- com.qa.homePageTests.CreateNewRecord -->
