<?xml version="1.0" encoding="UTF-8"?>
<!-- Generated by org.testng.reporters.JUnitReportReporter -->
<testsuite skipped="0" hostname="DESKTOP-Q0AM94O" name="com.qa.homePageTests.SearchRecord" tests="1" failures="0" timestamp="10 Jul 2020 05:33:47 GMT" time="14.209" errors="0">
  <testcase name="searchRecord" time="14.209" classname="com.qa.homePageTests.SearchRecord"/>
</testsuite> <!-- com.qa.homePageTests.SearchRecord -->
