<?xml version="1.0" encoding="UTF-8"?>
<!-- Generated by org.testng.reporters.JUnitReportReporter -->
<testsuite skipped="0" hostname="RAM-PC" name="com.qa.homePageTests.CreateNewRecord" tests="1" failures="0" timestamp="02 Jan 2020 10:33:13 GMT" time="13.604" errors="0">
  <testcase name="createNewRec" time="13.604" classname="com.qa.homePageTests.CreateNewRecord"/>
</testsuite> <!-- com.qa.homePageTests.CreateNewRecord -->
