<?xml version="1.0" encoding="UTF-8"?>
<!-- Generated by org.testng.reporters.JUnitReportReporter -->
<testsuite skipped="0" hostname="RAM-PC" name="com.qa.homePageTests.HomePageOperations" tests="2" failures="0" timestamp="21 Jan 2020 18:07:55 GMT" time="12.257" errors="0">
  <testcase name="createNewRec" time="9.907" classname="com.qa.homePageTests.HomePageOperations"/>
  <testcase name="searchRec" time="2.350" classname="com.qa.homePageTests.HomePageOperations"/>
</testsuite> <!-- com.qa.homePageTests.HomePageOperations -->
