<?xml version="1.0" encoding="UTF-8"?>
<!-- Generated by org.testng.reporters.JUnitReportReporter -->
<testsuite skipped="0" hostname="RAM-PC" name="com.qa.base.TestBase" tests="1" failures="0" timestamp="04 Sep 2019 08:04:27 GMT" time="0.011" errors="0">
  <testcase name="printMes" time="0.011" classname="com.qa.base.TestBase"/>
</testsuite> <!-- com.qa.base.TestBase -->
