<?xml version="1.0" encoding="UTF-8"?>
<!-- Generated by org.testng.reporters.JUnitReportReporter -->
<testsuite skipped="1" hostname="RAM-PC" name="com.qa.homePageTests.CreateNewRecord" tests="2" failures="0" timestamp="09 Mar 2020 18:16:06 GMT" time="37.158" errors="0">
  <testcase name="createNewRecord" time="37.158" classname="com.qa.homePageTests.CreateNewRecord"/>
  <testcase name="createNewRecordByTDD" classname="com.qa.homePageTests.CreateNewRecord">
    <skipped/>
  </testcase> <!-- createNewRecordByTDD -->
</testsuite> <!-- com.qa.homePageTests.CreateNewRecord -->
