<?xml version="1.0" encoding="UTF-8"?>
<!-- Generated by org.testng.reporters.JUnitReportReporter -->
<testsuite hostname="DESKTOP-TQ4UPAI" failures="0" tests="2" name="com.qa.homePageTests.CreateNewRecord" time="14.526" errors="0" timestamp="21 Mar 2020 19:36:42 GMT" skipped="1">
  <testcase classname="com.qa.homePageTests.CreateNewRecord" name="createNewRecord" time="14.526"/>
  <testcase classname="com.qa.homePageTests.CreateNewRecord" name="createNewRecordByTDD">
    <skipped/>
  </testcase> <!-- createNewRecordByTDD -->
</testsuite> <!-- com.qa.homePageTests.CreateNewRecord -->
