<?xml version="1.0" encoding="UTF-8"?>
<!-- Generated by org.testng.reporters.JUnitReportReporter -->
<testsuite skipped="0" hostname="RAM-PC" name="com.qa.utility.DataProviderUtility" tests="1" failures="0" timestamp="09 Mar 2020 15:55:21 GMT" time="1.466" errors="0">
  <testcase name="getData" time="1.466" classname="com.qa.utility.DataProviderUtility"/>
</testsuite> <!-- com.qa.utility.DataProviderUtility -->
