<?xml version="1.0" encoding="UTF-8"?>
<!-- Generated by org.testng.reporters.JUnitReportReporter -->
<testsuite skipped="0" hostname="RAM-PC" name="com.qa.homePageTests.SearchRecord" tests="1" failures="0" timestamp="23 Nov 2019 05:51:51 GMT" time="6.070" errors="0">
  <testcase name="searchRecord" time="6.070" classname="com.qa.homePageTests.SearchRecord"/>
</testsuite> <!-- com.qa.homePageTests.SearchRecord -->
