<?xml version="1.0" encoding="UTF-8"?>
<!-- Generated by org.testng.reporters.JUnitReportReporter -->
<testsuite skipped="1" hostname="RAM-PC" name="com.qa.homePageTests.CreateNewRecord" tests="2" failures="0" timestamp="12 Mar 2020 06:05:22 GMT" time="11.476" errors="0">
  <testcase name="createNewRecord" time="11.476" classname="com.qa.homePageTests.CreateNewRecord"/>
  <testcase name="createNewRecordByTDD" classname="com.qa.homePageTests.CreateNewRecord">
    <skipped/>
  </testcase> <!-- createNewRecordByTDD -->
</testsuite> <!-- com.qa.homePageTests.CreateNewRecord -->
