<?xml version="1.0" encoding="UTF-8"?>
<!-- Generated by org.testng.reporters.JUnitReportReporter -->
<testsuite skipped="0" hostname="RAM-PC" name="com.qa.httpReq.PutRequest" tests="1" failures="0" timestamp="02 Jan 2020 05:30:17 GMT" time="5.145" errors="0">
  <testcase name="putRequest" time="5.145" classname="com.qa.httpReq.PutRequest"/>
</testsuite> <!-- com.qa.httpReq.PutRequest -->
