<?xml version="1.0" encoding="UTF-8"?>
<!-- Generated by org.testng.reporters.JUnitReportReporter -->
<testsuite skipped="2" hostname="RAM-PC" name="com.qa.httpReq.GetRequestHeader" tests="3" failures="0" timestamp="28 Nov 2019 07:12:55 GMT" time="2.902" errors="0">
  <testcase name="validateHeaderResp" time="2.902" classname="com.qa.httpReq.GetRequestHeader"/>
  <testcase name="headers" classname="com.qa.httpReq.GetRequestHeader">
    <skipped/>
  </testcase> <!-- headers -->
  <testcase name="getAllHeaders" classname="com.qa.httpReq.GetRequestHeader">
    <skipped/>
  </testcase> <!-- getAllHeaders -->
</testsuite> <!-- com.qa.httpReq.GetRequestHeader -->
