<?xml version="1.0" encoding="UTF-8"?>
<!-- Generated by org.testng.reporters.JUnitReportReporter -->
<testsuite hostname="LAPTOP-20TPOOCQ" failures="0" tests="1" name="com.qa.httpReq.GetPassingQueryParameter" time="4.077" errors="0" timestamp="05 Mar 2021 07:18:55 GMT" skipped="0">
  <testcase classname="com.qa.httpReq.GetPassingQueryParameter" name="passingQueryParameterGetReq" time="4.077"/>
</testsuite> <!-- com.qa.httpReq.GetPassingQueryParameter -->
