<?xml version="1.0" encoding="UTF-8"?>
<!-- Generated by org.testng.reporters.JUnitReportReporter -->
<testsuite skipped="0" hostname="RAM-PC" name="com.qa.httpReq.GetPassingQueryParameter" tests="1" failures="0" timestamp="02 Jan 2020 05:10:19 GMT" time="5.572" errors="0">
  <testcase name="passingQueryParameterGetReq" time="5.572" classname="com.qa.httpReq.GetPassingQueryParameter"/>
</testsuite> <!-- com.qa.httpReq.GetPassingQueryParameter -->
