<?xml version="1.0" encoding="UTF-8"?>
<!-- Generated by org.testng.reporters.JUnitReportReporter -->
<testsuite skipped="3" hostname="RAM-PC" name="com.qa.httpReq.GetRequestHeader" tests="4" failures="0" timestamp="30 Jan 2020 23:54:18 GMT" time="2.683" errors="0">
  <testcase name="headers" time="2.683" classname="com.qa.httpReq.GetRequestHeader"/>
  <testcase name="validateHeaderResp" classname="com.qa.httpReq.GetRequestHeader">
    <skipped/>
  </testcase> <!-- validateHeaderResp -->
  <testcase name="headerMethods" classname="com.qa.httpReq.GetRequestHeader">
    <skipped/>
  </testcase> <!-- headerMethods -->
  <testcase name="getAllHeaders" classname="com.qa.httpReq.GetRequestHeader">
    <skipped/>
  </testcase> <!-- getAllHeaders -->
</testsuite> <!-- com.qa.httpReq.GetRequestHeader -->
