<?xml version="1.0" encoding="UTF-8"?>
<!-- Generated by org.testng.reporters.JUnitReportReporter -->
<testsuite hostname="LAPTOP-20TPOOCQ" failures="0" tests="5" name="com.qa.httpReq.GetRequestHeader" time="2.791" errors="0" timestamp="05 Mar 2021 07:18:31 GMT" skipped="4">
  <testcase classname="com.qa.httpReq.GetRequestHeader" name="getHder" time="2.791"/>
  <testcase classname="com.qa.httpReq.GetRequestHeader" name="headers">
    <skipped/>
  </testcase> <!-- headers -->
  <testcase classname="com.qa.httpReq.GetRequestHeader" name="getHeader">
    <skipped/>
  </testcase> <!-- getHeader -->
  <testcase classname="com.qa.httpReq.GetRequestHeader" name="headerMethods">
    <skipped/>
  </testcase> <!-- headerMethods -->
  <testcase classname="com.qa.httpReq.GetRequestHeader" name="getHeaders">
    <skipped/>
  </testcase> <!-- getHeaders -->
</testsuite> <!-- com.qa.httpReq.GetRequestHeader -->
