<?xml version="1.0" encoding="UTF-8"?>
<!-- Generated by org.testng.reporters.JUnitReportReporter -->
<testsuite skipped="0" hostname="RAM-PC" name="com.qa.jsonUtility.JSONArrayToList" tests="1" failures="0" timestamp="29 Nov 2019 09:30:15 GMT" time="7.386" errors="0">
  <testcase name="getReq2" time="7.386" classname="com.qa.jsonUtility.JSONArrayToList"/>
</testsuite> <!-- com.qa.jsonUtility.JSONArrayToList -->
