<?xml version="1.0" encoding="UTF-8"?>
<!-- Generated by org.testng.reporters.JUnitReportReporter -->
<testsuite hostname="LAPTOP-20TPOOCQ" failures="0" tests="1" name="com.qa.httpReq.GetRequestStatusCode" time="4.239" errors="0" timestamp="05 Mar 2021 07:09:32 GMT" skipped="0">
  <testcase classname="com.qa.httpReq.GetRequestStatusCode" name="validateResp" time="4.239"/>
</testsuite> <!-- com.qa.httpReq.GetRequestStatusCode -->
