<?xml version="1.0" encoding="UTF-8"?>
<!-- Generated by org.testng.reporters.JUnitReportReporter -->
<testsuite skipped="0" hostname="RAM-PC" name="com.qa.httpReq.DeleteRequest" tests="1" failures="0" timestamp="02 Jan 2020 05:28:26 GMT" time="4.407" errors="0">
  <testcase name="deleteRequest" time="4.407" classname="com.qa.httpReq.DeleteRequest"/>
</testsuite> <!-- com.qa.httpReq.DeleteRequest -->
