<?xml version="1.0" encoding="UTF-8"?>
<!-- Generated by org.testng.reporters.JUnitReportReporter -->
<testsuite skipped="0" hostname="RAM-PC" name="com.qa.httpReq.GetRequestJSONResBody" tests="1" failures="0" timestamp="02 Dec 2019 05:24:06 GMT" time="4.961" errors="0">
  <testcase name="getVerifyJSONResBody" time="4.961" classname="com.qa.httpReq.GetRequestJSONResBody"/>
</testsuite> <!-- com.qa.httpReq.GetRequestJSONResBody -->
