<?xml version="1.0" encoding="UTF-8"?>
<!-- Generated by org.testng.reporters.JUnitReportReporter -->
<testsuite skipped="0" hostname="RAM-PC" name="com.qa.httpReq.PostRequest" tests="1" failures="0" timestamp="02 Jan 2020 05:28:47 GMT" time="3.475" errors="0">
  <testcase name="postRequest" time="3.475" classname="com.qa.httpReq.PostRequest"/>
</testsuite> <!-- com.qa.httpReq.PostRequest -->
