<?xml version="1.0" encoding="UTF-8"?>
<!-- Generated by org.testng.reporters.JUnitReportReporter -->
<testsuite skipped="1" hostname="RAM-PC" name="com.qa.BDDrestAssured.TestBasicFeatures" tests="2" failures="0" timestamp="02 Jan 2020 07:55:15 GMT" time="2.467" errors="0">
  <testcase name="testLog" time="2.467" classname="com.qa.BDDrestAssured.TestBasicFeatures"/>
  <testcase name="testStatusCode" classname="com.qa.BDDrestAssured.TestBasicFeatures">
    <skipped/>
  </testcase> <!-- testStatusCode -->
</testsuite> <!-- com.qa.BDDrestAssured.TestBasicFeatures -->
