<?xml version="1.0" encoding="UTF-8"?>
<!-- Generated by org.testng.reporters.JUnitReportReporter -->
<testsuite skipped="0" hostname="RAM-PC" name="com.qa.jsonUtility.DeserializeJSONArrayToArray" tests="1" failures="0" timestamp="02 Jan 2020 05:36:00 GMT" time="5.314" errors="0">
  <testcase name="deSerializeJSON_ArrayToArray" time="5.314" classname="com.qa.jsonUtility.DeserializeJSONArrayToArray"/>
</testsuite> <!-- com.qa.jsonUtility.DeserializeJSONArrayToArray -->
