<?xml version="1.0" encoding="UTF-8"?>
<!-- Generated by org.testng.reporters.JUnitReportReporter -->
<testsuite skipped="0" hostname="RAM-PC" name="com.qa.httpReq.GetRequestJSONResBody" tests="1" failures="0" timestamp="29 Nov 2019 05:11:50 GMT" time="4.480" errors="0">
  <testcase name="getReq1" time="4.480" classname="com.qa.httpReq.GetRequestJSONResBody"/>
</testsuite> <!-- com.qa.httpReq.GetRequestJSONResBody -->
