<?xml version="1.0" encoding="UTF-8"?>
<!-- Generated by org.testng.reporters.JUnitReportReporter -->
<testsuite hostname="LAPTOP-20TPOOCQ" failures="0" tests="4" name="com.qa.httpReq.GetRequest" time="2.834" errors="0" timestamp="05 Mar 2021 07:15:04 GMT" skipped="3">
  <testcase classname="com.qa.httpReq.GetRequest" name="getRequest" time="2.834"/>
  <testcase classname="com.qa.httpReq.GetRequest" name="validateResp">
    <skipped/>
  </testcase> <!-- validateResp -->
  <testcase classname="com.qa.httpReq.GetRequest" name="getReq2">
    <skipped/>
  </testcase> <!-- getReq2 -->
  <testcase classname="com.qa.httpReq.GetRequest" name="getReq1">
    <skipped/>
  </testcase> <!-- getReq1 -->
</testsuite> <!-- com.qa.httpReq.GetRequest -->
