<?xml version="1.0" encoding="UTF-8"?>
<!-- Generated by org.testng.reporters.JUnitReportReporter -->
<testsuite hostname="LAPTOP-20TPOOCQ" failures="0" tests="1" name="com.qa.httpReq.DeleteRequest" time="3.039" errors="0" timestamp="05 Mar 2021 07:11:28 GMT" skipped="0">
  <testcase classname="com.qa.httpReq.DeleteRequest" name="deleteRequest" time="3.039"/>
</testsuite> <!-- com.qa.httpReq.DeleteRequest -->
