<?xml version="1.0" encoding="UTF-8"?>
<!-- Generated by org.testng.reporters.JUnitReportReporter -->
<testsuite skipped="2" hostname="RAM-PC" name="com.qa.httpReq.GetRequest" tests="3" failures="0" timestamp="17 Jan 2020 05:07:51 GMT" time="3.769" errors="0">
  <testcase name="validateResp" time="3.769" classname="com.qa.httpReq.GetRequest"/>
  <testcase name="getReq2" classname="com.qa.httpReq.GetRequest">
    <skipped/>
  </testcase> <!-- getReq2 -->
  <testcase name="getReq1" classname="com.qa.httpReq.GetRequest">
    <skipped/>
  </testcase> <!-- getReq1 -->
</testsuite> <!-- com.qa.httpReq.GetRequest -->
