<?xml version="1.0" encoding="UTF-8"?>
<!-- Generated by org.testng.reporters.JUnitReportReporter -->
<testsuite skipped="0" hostname="RAM-PC" name="com.qa.httpReq.GetRequestHeader" tests="3" failures="0" timestamp="02 Jan 2020 05:14:15 GMT" time="4.295" errors="0">
  <testcase name="validateHeaderResp" time="2.704" classname="com.qa.httpReq.GetRequestHeader"/>
  <testcase name="headers" time="0.963" classname="com.qa.httpReq.GetRequestHeader"/>
  <testcase name="getAllHeaders" time="0.628" classname="com.qa.httpReq.GetRequestHeader"/>
</testsuite> <!-- com.qa.httpReq.GetRequestHeader -->
