<?xml version="1.0" encoding="UTF-8"?>
<!-- Generated by org.testng.reporters.JUnitReportReporter -->
<testsuite hostname="LAPTOP-20TPOOCQ" failures="0" tests="3" name="com.qa.BDDrestAssured.TestBasicFeatures" time="6.515" errors="0" timestamp="19 Jan 2021 11:43:51 GMT" skipped="2">
  <testcase classname="com.qa.BDDrestAssured.TestBasicFeatures" name="testLog" time="6.515"/>
  <testcase classname="com.qa.BDDrestAssured.TestBasicFeatures" name="testStatusCode">
    <skipped/>
  </testcase> <!-- testStatusCode -->
  <testcase classname="com.qa.BDDrestAssured.TestBasicFeatures" name="verifyData">
    <skipped/>
  </testcase> <!-- verifyData -->
</testsuite> <!-- com.qa.BDDrestAssured.TestBasicFeatures -->
