<?xml version="1.0" encoding="UTF-8"?>
<!-- Generated by org.testng.reporters.JUnitReportReporter -->
<testsuite skipped="0" hostname="RAM-PC" name="com.qa.jsonUtility.DeserializeJSONArrayToArray" tests="1" failures="0" timestamp="27 Jan 2020 12:40:28 GMT" time="4.195" errors="0">
  <testcase name="deSerializeJSON_ArrayToArray" time="4.195" classname="com.qa.jsonUtility.DeserializeJSONArrayToArray"/>
</testsuite> <!-- com.qa.jsonUtility.DeserializeJSONArrayToArray -->
