<?xml version="1.0" encoding="UTF-8"?>
<!-- Generated by org.testng.reporters.JUnitReportReporter -->
<testsuite skipped="0" hostname="RAM-PC" name="com.qa.jsonUtility.DeSerializeJSONArrayToList" tests="1" failures="0" timestamp="27 Jan 2020 12:47:26 GMT" time="4.677" errors="0">
  <testcase name="deSerializeJSON_ArrayToList" time="4.677" classname="com.qa.jsonUtility.DeSerializeJSONArrayToList"/>
</testsuite> <!-- com.qa.jsonUtility.DeSerializeJSONArrayToList -->
