<?xml version="1.0" encoding="UTF-8"?>
<!-- Generated by org.testng.reporters.JUnitReportReporter -->
<testsuite skipped="0" hostname="RAM-PC" name="com.qa.BDDrestAssured.TestDemo" tests="1" failures="0" timestamp="27 Feb 2020 05:14:23 GMT" time="3.203" errors="0">
  <testcase name="deleteRequest" time="3.203" classname="com.qa.BDDrestAssured.TestDemo"/>
</testsuite> <!-- com.qa.BDDrestAssured.TestDemo -->
