<?xml version="1.0" encoding="UTF-8"?>
<!-- Generated by org.testng.reporters.JUnitReportReporter -->
<testsuite skipped="2" hostname="RAM-PC" name="com.qa.httpReq.GetRequest" tests="3" failures="0" timestamp="29 Nov 2019 07:22:08 GMT" time="7.366" errors="0">
  <testcase name="validateResp" time="7.366" classname="com.qa.httpReq.GetRequest"/>
  <testcase name="getReq2" classname="com.qa.httpReq.GetRequest">
    <skipped/>
  </testcase> <!-- getReq2 -->
  <testcase name="getReq1" classname="com.qa.httpReq.GetRequest">
    <skipped/>
  </testcase> <!-- getReq1 -->
</testsuite> <!-- com.qa.httpReq.GetRequest -->
