<?xml version="1.0" encoding="UTF-8"?>
<!-- Generated by org.testng.reporters.JUnitReportReporter -->
<testsuite hostname="LAPTOP-20TPOOCQ" failures="0" tests="1" name="com.qa.httpReq.GetRequestSatusLine" time="4.579" errors="0" timestamp="05 Mar 2021 07:12:57 GMT" skipped="0">
  <testcase classname="com.qa.httpReq.GetRequestSatusLine" name="validateResp" time="4.579"/>
</testsuite> <!-- com.qa.httpReq.GetRequestSatusLine -->
