<?xml version="1.0" encoding="UTF-8"?>
<!-- Generated by org.testng.reporters.JUnitReportReporter -->
<testsuite skipped="4" hostname="RAM-PC" name="com.qa.httpReq.VerifyGETResponse" tests="5" failures="0" timestamp="17 Jan 2020 05:40:08 GMT" time="3.281" errors="0">
  <testcase name="verifyHeader" time="3.281" classname="com.qa.httpReq.VerifyGETResponse"/>
  <testcase name="verifyStatusLine2" classname="com.qa.httpReq.VerifyGETResponse">
    <skipped/>
  </testcase> <!-- verifyStatusLine2 -->
  <testcase name="verifyStatusCode2" classname="com.qa.httpReq.VerifyGETResponse">
    <skipped/>
  </testcase> <!-- verifyStatusCode2 -->
  <testcase name="verifyStatusCode1" classname="com.qa.httpReq.VerifyGETResponse">
    <skipped/>
  </testcase> <!-- verifyStatusCode1 -->
  <testcase name="verifyStatusLine1" classname="com.qa.httpReq.VerifyGETResponse">
    <skipped/>
  </testcase> <!-- verifyStatusLine1 -->
</testsuite> <!-- com.qa.httpReq.VerifyGETResponse -->
