<?xml version="1.0" encoding="UTF-8"?>
<!-- Generated by org.testng.reporters.JUnitReportReporter -->
<testsuite hostname="LAPTOP-20TPOOCQ" failures="0" tests="1" name="com.java.collectionFramework.HashMapEx" time="0.014" errors="0" timestamp="24 Feb 2021 17:49:10 GMT" skipped="0">
  <testcase classname="com.java.collectionFramework.HashMapEx" name="hashMapEx" time="0.014"/>
</testsuite> <!-- com.java.collectionFramework.HashMapEx -->
