<?xml version="1.0" encoding="UTF-8"?>
<!-- Generated by org.testng.reporters.JUnitReportReporter -->
<testsuite skipped="3" hostname="RAM-PC" name="com.java.collectionFramework.HashtableEx" tests="4" failures="0" timestamp="19 Feb 2020 07:07:56 GMT" time="0.021" errors="0">
  <testcase name="getValuesHashTable" time="0.021" classname="com.java.collectionFramework.HashtableEx"/>
  <testcase name="hashTableDemo" classname="com.java.collectionFramework.HashtableEx">
    <skipped/>
  </testcase> <!-- hashTableDemo -->
  <testcase name="getKeyshashTable" classname="com.java.collectionFramework.HashtableEx">
    <skipped/>
  </testcase> <!-- getKeyshashTable -->
  <testcase name="hashTableEnumeration" classname="com.java.collectionFramework.HashtableEx">
    <skipped/>
  </testcase> <!-- hashTableEnumeration -->
</testsuite> <!-- com.java.collectionFramework.HashtableEx -->
