<?xml version="1.0" encoding="UTF-8"?>
<!-- Generated by org.testng.reporters.JUnitReportReporter -->
<testsuite skipped="0" hostname="RAM-PC" name="com.qa.PyramidandPattern.HalfPyramidTriangleDupNum" tests="1" failures="0" timestamp="28 Feb 2020 17:37:38 GMT" time="0.029" errors="0">
  <testcase name="halfPyramidTriangleDupNum" time="0.029" classname="com.qa.PyramidandPattern.HalfPyramidTriangleDupNum"/>
</testsuite> <!-- com.qa.PyramidandPattern.HalfPyramidTriangleDupNum -->
