<?xml version="1.0" encoding="UTF-8"?>
<!-- Generated by org.testng.reporters.JUnitReportReporter -->
<testsuite skipped="1" hostname="RAM-PC" name="com.java.interview.TestDemo" tests="2" failures="0" timestamp="19 Feb 2020 01:15:36 GMT" time="0.034" errors="0">
  <testcase name="test1" time="0.034" classname="com.java.interview.TestDemo"/>
  <testcase name="test" classname="com.java.interview.TestDemo">
    <skipped/>
  </testcase> <!-- test -->
</testsuite> <!-- com.java.interview.TestDemo -->
