<?xml version="1.0" encoding="UTF-8"?>
<!-- Generated by org.testng.reporters.JUnitReportReporter -->
<testsuite skipped="0" hostname="RAM-PC" name="com.java.collectionFramework.FindDuplicate" tests="1" failures="0" timestamp="28 Feb 2020 06:38:29 GMT" time="0.019" errors="0">
  <testcase name="findDuplicate" time="0.019" classname="com.java.collectionFramework.FindDuplicate"/>
</testsuite> <!-- com.java.collectionFramework.FindDuplicate -->
