<?xml version="1.0" encoding="UTF-8"?>
<!-- Generated by org.testng.reporters.JUnitReportReporter -->
<testsuite skipped="0" hostname="RAM-PC" name="com.java.stringMethods.StringNew" tests="1" failures="0" timestamp="10 Dec 2019 17:14:46 GMT" time="0.033" errors="0">
  <testcase name="test" time="0.033" classname="com.java.stringMethods.StringNew"/>
</testsuite> <!-- com.java.stringMethods.StringNew -->
