<?xml version="1.0" encoding="UTF-8"?>
<!-- Generated by org.testng.reporters.JUnitReportReporter -->
<testsuite skipped="0" hostname="RAM-PC" name="com.java.all.LambdaExpressions" tests="1" failures="0" timestamp="24 Jan 2020 07:16:29 GMT" time="0.173" errors="0">
  <testcase name="lambdaExpression" time="0.173" classname="com.java.all.LambdaExpressions"/>
</testsuite> <!-- com.java.all.LambdaExpressions -->
