<?xml version="1.0" encoding="UTF-8"?>
<!-- Generated by org.testng.reporters.JUnitReportReporter -->
<testsuite skipped="0" hostname="RAM-PC" name="com.qa.PyramidandPattern.HalfPyramidAlphabets" tests="1" failures="0" timestamp="19 Feb 2020 01:16:42 GMT" time="0.021" errors="0">
  <testcase name="halfPyramidAlphabets" time="0.021" classname="com.qa.PyramidandPattern.HalfPyramidAlphabets"/>
</testsuite> <!-- com.qa.PyramidandPattern.HalfPyramidAlphabets -->
