<?xml version="1.0" encoding="UTF-8"?>
<!-- Generated by org.testng.reporters.JUnitReportReporter -->
<testsuite skipped="0" hostname="RAM-PC" name="com.qa.PyramidandPattern.HalfPyramidTriangleStars" tests="1" failures="0" timestamp="19 Feb 2020 00:28:13 GMT" time="0.031" errors="0">
  <testcase name="halfTriangle" time="0.031" classname="com.qa.PyramidandPattern.HalfPyramidTriangleStars"/>
</testsuite> <!-- com.qa.PyramidandPattern.HalfPyramidTriangleStars -->
