<?xml version="1.0" encoding="UTF-8"?>
<!-- Generated by org.testng.reporters.JUnitReportReporter -->
<testsuite skipped="7" hostname="RAM-PC" name="com.java.viredra.TestJavaString" tests="8" failures="0" timestamp="12 Feb 2020 08:19:14 GMT" time="0.020" errors="0">
  <testcase name="assignmentOp" time="0.020" classname="com.java.viredra.TestJavaString"/>
  <testcase name="concatStringAfterAssigning" classname="com.java.viredra.TestJavaString">
    <skipped/>
  </testcase> <!-- concatStringAfterAssigning -->
  <testcase name="assignmentOperatorSTRINGliteral" classname="com.java.viredra.TestJavaString">
    <skipped/>
  </testcase> <!-- assignmentOperatorSTRINGliteral -->
  <testcase name="reverseString" classname="com.java.viredra.TestJavaString">
    <skipped/>
  </testcase> <!-- reverseString -->
  <testcase name="concatStringBeforeAssigning" classname="com.java.viredra.TestJavaString">
    <skipped/>
  </testcase> <!-- concatStringBeforeAssigning -->
  <testcase name="replaceSTRING" classname="com.java.viredra.TestJavaString">
    <skipped/>
  </testcase> <!-- replaceSTRING -->
  <testcase name="concat" classname="com.java.viredra.TestJavaString">
    <skipped/>
  </testcase> <!-- concat -->
  <testcase name="equalsSTRING" classname="com.java.viredra.TestJavaString">
    <skipped/>
  </testcase> <!-- equalsSTRING -->
</testsuite> <!-- com.java.viredra.TestJavaString -->
