<?xml version="1.0" encoding="UTF-8"?>
<!-- Generated by org.testng.reporters.JUnitReportReporter -->
<testsuite skipped="0" hostname="RAM-PC" name="com.java.interview.StringWithArithmeticOperation" tests="1" failures="0" timestamp="27 Jan 2020 18:11:36 GMT" time="0.020" errors="0">
  <testcase name="stringWithAddition" time="0.020" classname="com.java.interview.StringWithArithmeticOperation"/>
</testsuite> <!-- com.java.interview.StringWithArithmeticOperation -->
