<?xml version="1.0" encoding="UTF-8"?>
<!-- Generated by org.testng.reporters.JUnitReportReporter -->
<testsuite skipped="0" hostname="RAM-PC" name="com.java.generics.CustomeGenericClasses" tests="1" failures="0" timestamp="07 Mar 2020 11:21:11 GMT" time="0.036" errors="0">
  <testcase name="CustomeGenericClass" time="0.036" classname="com.java.generics.CustomeGenericClasses"/>
</testsuite> <!-- com.java.generics.CustomeGenericClasses -->
