<?xml version="1.0" encoding="UTF-8"?>
<!-- Generated by org.testng.reporters.JUnitReportReporter -->
<testsuite skipped="0" hostname="RAM-PC" name="com.java.stringMethods.TestString" tests="1" failures="0" timestamp="10 Dec 2019 16:59:59 GMT" time="0.023" errors="0">
  <testcase name="test" time="0.023" classname="com.java.stringMethods.TestString"/>
</testsuite> <!-- com.java.stringMethods.TestString -->
