<?xml version="1.0" encoding="UTF-8"?>
<!-- Generated by org.testng.reporters.JUnitReportReporter -->
<testsuite skipped="3" hostname="RAM-PC" name="com.java.viredra.TestJavaQuestions" tests="4" failures="0" timestamp="12 Feb 2020 04:53:59 GMT" time="0.031" errors="0">
  <testcase name="equalsSTRING" time="0.031" classname="com.java.viredra.TestJavaQuestions"/>
  <testcase name="assignmentOperatorSTRINGliteral" classname="com.java.viredra.TestJavaQuestions">
    <skipped/>
  </testcase> <!-- assignmentOperatorSTRINGliteral -->
  <testcase name="concatStringAfterAssigning" classname="com.java.viredra.TestJavaQuestions">
    <skipped/>
  </testcase> <!-- concatStringAfterAssigning -->
  <testcase name="concatStringBeforeAssigning" classname="com.java.viredra.TestJavaQuestions">
    <skipped/>
  </testcase> <!-- concatStringBeforeAssigning -->
</testsuite> <!-- com.java.viredra.TestJavaQuestions -->
