<?xml version="1.0" encoding="UTF-8"?>
<!-- Generated by org.testng.reporters.JUnitReportReporter -->
<testsuite skipped="0" hostname="RAM-PC" name="com.qa.PyramidandPattern.HalfPyramidTriangleDupNum" tests="1" failures="0" timestamp="19 Feb 2020 00:39:57 GMT" time="0.037" errors="0">
  <testcase name="halfPyramidTriangleDupNum" time="0.037" classname="com.qa.PyramidandPattern.HalfPyramidTriangleDupNum"/>
</testsuite> <!-- com.qa.PyramidandPattern.HalfPyramidTriangleDupNum -->
