<?xml version="1.0" encoding="UTF-8"?>
<!-- Generated by org.testng.reporters.JUnitReportReporter -->
<testsuite skipped="0" hostname="RAM-PC" name="com.qa.PyramidandPattern.HalfPyramidTriangleStars" tests="1" failures="0" timestamp="28 Feb 2020 17:38:13 GMT" time="0.027" errors="0">
  <testcase name="halfTriangle" time="0.027" classname="com.qa.PyramidandPattern.HalfPyramidTriangleStars"/>
</testsuite> <!-- com.qa.PyramidandPattern.HalfPyramidTriangleStars -->
