<?xml version="1.0" encoding="UTF-8"?>
<!-- Generated by org.testng.reporters.JUnitReportReporter -->
<testsuite skipped="0" hostname="RAM-PC" name="com.java.programs.BinaryNumVerification" tests="1" failures="0" timestamp="18 Sep 2019 07:30:30 GMT" time="4.562" errors="0">
  <testcase name="binaryNumVerification" time="4.562" classname="com.java.programs.BinaryNumVerification"/>
</testsuite> <!-- com.java.programs.BinaryNumVerification -->
