<?xml version="1.0" encoding="UTF-8"?>
<!-- Generated by org.testng.reporters.JUnitReportReporter -->
<testsuite skipped="3" hostname="RAM-PC" name="com.java.collectionFramework.HashtableEx" tests="4" failures="0" timestamp="28 Feb 2020 06:00:12 GMT" time="0.023" errors="0">
  <testcase name="hashTableDemo" time="0.023" classname="com.java.collectionFramework.HashtableEx"/>
  <testcase name="getKeyshashTable" classname="com.java.collectionFramework.HashtableEx">
    <skipped/>
  </testcase> <!-- getKeyshashTable -->
  <testcase name="hashTableEnumeration" classname="com.java.collectionFramework.HashtableEx">
    <skipped/>
  </testcase> <!-- hashTableEnumeration -->
  <testcase name="getValuesHashTable" classname="com.java.collectionFramework.HashtableEx">
    <skipped/>
  </testcase> <!-- getValuesHashTable -->
</testsuite> <!-- com.java.collectionFramework.HashtableEx -->
