<?xml version="1.0" encoding="UTF-8"?>
<!-- Generated by org.testng.reporters.JUnitReportReporter -->
<testsuite skipped="0" hostname="RAM-PC" name="com.java.collectionFramework.HashMapEx" tests="1" failures="0" timestamp="28 Feb 2020 05:44:44 GMT" time="0.048" errors="0">
  <testcase name="hashMapEx" time="0.048" classname="com.java.collectionFramework.HashMapEx"/>
</testsuite> <!-- com.java.collectionFramework.HashMapEx -->
