<?xml version="1.0" encoding="UTF-8"?>
<!-- Generated by org.testng.reporters.JUnitReportReporter -->
<testsuite skipped="0" hostname="RAM-PC" name="com.qa.PyramidandPattern.HalfPyramidTriangleIncNum" tests="1" failures="0" timestamp="28 Feb 2020 17:37:44 GMT" time="0.028" errors="0">
  <testcase name="halfPyramidTriangleIncNum" time="0.028" classname="com.qa.PyramidandPattern.HalfPyramidTriangleIncNum"/>
</testsuite> <!-- com.qa.PyramidandPattern.HalfPyramidTriangleIncNum -->
