<?xml version="1.0" encoding="UTF-8"?>
<!-- Generated by org.testng.reporters.JUnitReportReporter -->
<testsuite skipped="0" hostname="RAM-PC" name="com.java.stringMethods.StringLiteral" tests="1" failures="0" timestamp="10 Dec 2019 17:07:48 GMT" time="0.016" errors="0">
  <testcase name="test" time="0.016" classname="com.java.stringMethods.StringLiteral"/>
</testsuite> <!-- com.java.stringMethods.StringLiteral -->
