<?xml version="1.0" encoding="UTF-8"?>
<!-- Generated by org.testng.reporters.JUnitReportReporter -->
<testsuite skipped="1" hostname="RAM-PC" name="com.java.loops.ForEachLoop" tests="2" failures="0" timestamp="17 Mar 2020 08:36:07 GMT" time="0.037" errors="0">
  <testcase name="forEachIncrement" time="0.037" classname="com.java.loops.ForEachLoop"/>
  <testcase name="forEachLoop" classname="com.java.loops.ForEachLoop">
    <skipped/>
  </testcase> <!-- forEachLoop -->
</testsuite> <!-- com.java.loops.ForEachLoop -->
