<?xml version="1.0" encoding="UTF-8"?>
<!-- Generated by org.testng.reporters.JUnitReportReporter -->
<testsuite skipped="0" hostname="RAM-PC" name="com.java.interview.HalfTriangle" tests="1" failures="0" timestamp="19 Feb 2020 00:50:49 GMT" time="0.016" errors="0">
  <testcase name="halfTriangleRevNum" time="0.016" classname="com.java.interview.HalfTriangle"/>
</testsuite> <!-- com.java.interview.HalfTriangle -->
