<?xml version="1.0" encoding="UTF-8"?>
<!-- Generated by org.testng.reporters.JUnitReportReporter -->
<testsuite skipped="0" hostname="RAM-PC" name="com.java.interview.StringWithArithmeticOperation" tests="1" failures="0" timestamp="10 Dec 2019 07:45:02 GMT" time="0.034" errors="0">
  <testcase name="main" time="0.034" classname="com.java.interview.StringWithArithmeticOperation"/>
</testsuite> <!-- com.java.interview.StringWithArithmeticOperation -->
