<?xml version="1.0" encoding="UTF-8"?>
<!-- Generated by org.testng.reporters.JUnitReportReporter -->
<testsuite skipped="0" hostname="RAM-PC" name="com.qa.PyramidandPattern.HalfRevNumPyramidTriangle" tests="1" failures="0" timestamp="28 Feb 2020 17:38:28 GMT" time="0.034" errors="0">
  <testcase name="halfRevNumPyramidTriangle1" time="0.034" classname="com.qa.PyramidandPattern.HalfRevNumPyramidTriangle"/>
</testsuite> <!-- com.qa.PyramidandPattern.HalfRevNumPyramidTriangle -->
