<?xml version="1.0" encoding="UTF-8"?>
<!-- Generated by org.testng.reporters.JUnitReportReporter -->
<testsuite skipped="0" hostname="RAM-PC" name="com.qa.base.TestBase" tests="1" failures="0" timestamp="20 Nov 2019 06:39:22 GMT" time="0.029" errors="0">
  <testcase name="tTestBase" time="0.029" classname="com.qa.base.TestBase"/>
</testsuite> <!-- com.qa.base.TestBase -->
