<?xml version="1.0" encoding="UTF-8"?>
<!-- Generated by org.testng.reporters.JUnitReportReporter -->
<testsuite skipped="0" hostname="RAM-PC" name="com.qa.test.GetRequest" tests="1" failures="0" timestamp="21 Nov 2019 05:13:15 GMT" time="1.386" errors="0">
  <testcase name="getApiRequest" time="1.386" classname="com.qa.test.GetRequest"/>
</testsuite> <!-- com.qa.test.GetRequest -->
