<?xml version="1.0" encoding="UTF-8"?>
<!-- Generated by org.testng.reporters.JUnitReportReporter -->
<testsuite hostname="RAM-PC" name="com.qa.test.GetApiTest" tests="1" failures="0" timestamp="20 Aug 2019 06:40:21 GMT" time="1.046" errors="0">
  <testcase name="getTest" time="1.046" classname="com.qa.test.GetApiTest"/>
</testsuite> <!-- com.qa.test.GetApiTest -->
