<?xml version="1.0" encoding="UTF-8"?>
<!-- Generated by org.testng.reporters.JUnitReportReporter -->
<testsuite skipped="0" hostname="RAM-PC" name="com.qa.loginTests.Login" tests="1" failures="0" timestamp="04 Sep 2019 09:01:19 GMT" time="12.878" errors="0">
  <testcase name="verifyLogin" time="12.878" classname="com.qa.loginTests.Login"/>
</testsuite> <!-- com.qa.loginTests.Login -->
