<?xml version="1.0" encoding="UTF-8"?>
<!-- Generated by org.testng.reporters.JUnitReportReporter -->
<testsuite hostname="RAM-PC" name="com.qa.test.GetApiTest" tests="2" failures="0" timestamp="22 Aug 2019 05:35:00 GMT" time="1.392" errors="0">
  <testcase name="getTest" time="1.169" classname="com.qa.test.GetApiTest"/>
  <testcase name="getTestWithHeader" time="0.223" classname="com.qa.test.GetApiTest"/>
</testsuite> <!-- com.qa.test.GetApiTest -->
