<?xml version="1.0" encoding="UTF-8"?>
<!-- Generated by org.testng.reporters.JUnitReportReporter -->
<testsuite hostname="RAM-PC" name="com.qa.test.PostApiTest" tests="1" failures="0" timestamp="26 Aug 2019 09:12:25 GMT" time="6.766" errors="0">
  <testcase name="postApi" time="6.766" classname="com.qa.test.PostApiTest"/>
</testsuite> <!-- com.qa.test.PostApiTest -->
