<?xml version="1.0" encoding="UTF-8"?>
<!-- Generated by org.testng.reporters.JUnitReportReporter -->
<testsuite skipped="0" hostname="RAM-PC" name="com.lotus.reports.AdvExtentReportDemo" tests="1" failures="0" timestamp="27 Dec 2019 04:50:35 GMT" time="0.745" errors="0">
  <testcase name="loginTest" time="0.745" classname="com.lotus.reports.AdvExtentReportDemo"/>
</testsuite> <!-- com.lotus.reports.AdvExtentReportDemo -->
