<?xml version="1.0" encoding="UTF-8"?>
<!-- Generated by org.testng.reporters.JUnitReportReporter -->
<testsuite skipped="0" hostname="RAM-PC" name="com.lotus.reports.AdvExtentReportDemo" tests="1" failures="0" timestamp="17 Jan 2020 00:35:17 GMT" time="1.154" errors="0">
  <testcase name="loginTest" time="1.154" classname="com.lotus.reports.AdvExtentReportDemo"/>
</testsuite> <!-- com.lotus.reports.AdvExtentReportDemo -->
