<?xml version="1.0" encoding="UTF-8"?>
<!-- Generated by org.testng.reporters.JUnitReportReporter -->
<testsuite skipped="0" hostname="RAM-PC" name="com.lotus.reports.ExtentReportDemo2" tests="1" failures="0" timestamp="28 Jun 2019 03:59:17 GMT" time="8.790" errors="0">
  <testcase name="loginTest" time="8.790" classname="com.lotus.reports.ExtentReportDemo2"/>
</testsuite> <!-- com.lotus.reports.ExtentReportDemo2 -->
