<?xml version="1.0" encoding="UTF-8"?>
<!-- Generated by org.testng.reporters.JUnitReportReporter -->
<testsuite skipped="0" hostname="RAM-PC" name="com.lotus.reports.ExtentReportDemo2" tests="1" failures="0" timestamp="17 Dec 2019 09:33:38 GMT" time="9.574" errors="0">
  <testcase name="loginTest" time="9.574" classname="com.lotus.reports.ExtentReportDemo2"/>
</testsuite> <!-- com.lotus.reports.ExtentReportDemo2 -->
