<?xml version="1.0" encoding="UTF-8"?>
<!-- Generated by org.testng.reporters.JUnitReportReporter -->
<testsuite skipped="0" hostname="RAM-PC" name="com.lotus.reports.ExtentReportDemo" tests="1" failures="0" timestamp="16 Dec 2019 09:37:11 GMT" time="1.145" errors="0">
  <testcase name="loginTest" time="1.145" classname="com.lotus.reports.ExtentReportDemo"/>
</testsuite> <!-- com.lotus.reports.ExtentReportDemo -->
