<?xml version="1.0" encoding="UTF-8"?>
<!-- Generated by org.testng.reporters.JUnitReportReporter -->
<testsuite skipped="2" hostname="RAM-PC" name="com.qa.restFetures.Headers" tests="3" failures="0" timestamp="07 Feb 2020 09:03:32 GMT" time="6.781" errors="0">
  <testcase name="dd" time="6.781" classname="com.qa.restFetures.Headers"/>
  <testcase name="header" classname="com.qa.restFetures.Headers">
    <skipped/>
  </testcase> <!-- header -->
  <testcase name="headers" classname="com.qa.restFetures.Headers">
    <skipped/>
  </testcase> <!-- headers -->
</testsuite> <!-- com.qa.restFetures.Headers -->
