<?xml version="1.0" encoding="UTF-8"?>
<!-- Generated by org.testng.reporters.JUnitReportReporter -->
<testsuite skipped="0" hostname="RAM-PC" name="com.qa.restFetures.RestAssuredParsers" tests="1" failures="0" timestamp="11 Feb 2020 11:44:36 GMT" time="3.956" errors="0">
  <testcase name="restAssuredParsers" time="3.956" classname="com.qa.restFetures.RestAssuredParsers"/>
</testsuite> <!-- com.qa.restFetures.RestAssuredParsers -->
