<?xml version="1.0" encoding="UTF-8"?>
<!-- Generated by org.testng.reporters.JUnitReportReporter -->
<testsuite skipped="3" hostname="RAM-PC" name="com.qa.restFetures.JsonPathResponse" tests="4" failures="0" timestamp="07 Feb 2020 07:59:55 GMT" time="6.207" errors="0">
  <testcase name="getJsonPath" time="6.207" classname="com.qa.restFetures.JsonPathResponse"/>
  <testcase name="stringResponse" classname="com.qa.restFetures.JsonPathResponse">
    <skipped/>
  </testcase> <!-- stringResponse -->
  <testcase name="stringJSON" classname="com.qa.restFetures.JsonPathResponse">
    <skipped/>
  </testcase> <!-- stringJSON -->
  <testcase name="JSONPathResponse" classname="com.qa.restFetures.JsonPathResponse">
    <skipped/>
  </testcase> <!-- JSONPathResponse -->
</testsuite> <!-- com.qa.restFetures.JsonPathResponse -->
