<?xml version="1.0" encoding="UTF-8"?>
<!-- Generated by org.testng.reporters.JUnitReportReporter -->
<testsuite skipped="0" hostname="RAM-PC" name="com.qa.restFetures.CONNECT_HTTPS" tests="1" failures="0" timestamp="07 Feb 2020 09:53:58 GMT" time="5.719" errors="0">
  <testcase name="connectForHTTPS" time="5.719" classname="com.qa.restFetures.CONNECT_HTTPS"/>
</testsuite> <!-- com.qa.restFetures.CONNECT_HTTPS -->
