<?xml version="1.0" encoding="UTF-8"?>
<!-- Generated by org.testng.reporters.JUnitReportReporter -->
<testsuite skipped="0" hostname="RAM-PC" name="com.qa.restFetures.SetHeader" tests="1" failures="0" timestamp="11 Feb 2020 05:37:13 GMT" time="2.907" errors="0">
  <testcase name="setHeader" time="2.907" classname="com.qa.restFetures.SetHeader"/>
</testsuite> <!-- com.qa.restFetures.SetHeader -->
