<?xml version="1.0" encoding="UTF-8"?>
<!-- Generated by org.testng.reporters.JUnitReportReporter -->
<testsuite skipped="0" hostname="RAM-PC" name="com.qa.restAssuredBDD.PutRequest" tests="1" failures="0" timestamp="30 Jan 2020 05:55:31 GMT" time="3.103" errors="0">
  <testcase name="putRequest" time="3.103" classname="com.qa.restAssuredBDD.PutRequest"/>
</testsuite> <!-- com.qa.restAssuredBDD.PutRequest -->
