<?xml version="1.0" encoding="UTF-8"?>
<!-- Generated by org.testng.reporters.JUnitReportReporter -->
<testsuite skipped="0" hostname="RAM-PC" name="com.qa.restAssuredBDD.SerializationDesiJava" tests="2" failures="0" timestamp="30 Jan 2020 09:30:45 GMT" time="0.305" errors="0">
  <testcase name="serialization" time="0.054" classname="com.qa.restAssuredBDD.SerializationDesiJava"/>
  <testcase name="Deserialization" time="0.251" classname="com.qa.restAssuredBDD.SerializationDesiJava"/>
</testsuite> <!-- com.qa.restAssuredBDD.SerializationDesiJava -->
