<?xml version="1.0" encoding="UTF-8"?>
<!-- Generated by org.testng.reporters.JUnitReportReporter -->
<testsuite skipped="0" hostname="RAM-PC" name="com.qa.jsonPath.JsonPathMethods" tests="1" failures="0" timestamp="28 Feb 2020 18:16:41 GMT" time="5.494" errors="0">
  <testcase name="JOSNPathEvaluator" time="5.494" classname="com.qa.jsonPath.JsonPathMethods"/>
</testsuite> <!-- com.qa.jsonPath.JsonPathMethods -->
