<?xml version="1.0" encoding="UTF-8"?>
<!-- Generated by org.testng.reporters.JUnitReportReporter -->
<testsuite skipped="5" hostname="RAM-PC" name="com.qa.restAssuredBDD.XMLResValidation" tests="6" failures="0" timestamp="31 Jan 2020 07:25:46 GMT" time="5.142" errors="0">
  <testcase name="XMLhasXpathTextmethod" time="5.142" classname="com.qa.restAssuredBDD.XMLResValidation"/>
  <testcase name="verifyStatusCode" classname="com.qa.restAssuredBDD.XMLResValidation">
    <skipped/>
  </testcase> <!-- verifyStatusCode -->
  <testcase name="XMLhasXPath" classname="com.qa.restAssuredBDD.XMLResValidation">
    <skipped/>
  </testcase> <!-- XMLhasXPath -->
  <testcase name="passParamHeader" classname="com.qa.restAssuredBDD.XMLResValidation">
    <skipped/>
  </testcase> <!-- passParamHeader -->
  <testcase name="XMLCompleteResVerify" classname="com.qa.restAssuredBDD.XMLResValidation">
    <skipped/>
  </testcase> <!-- XMLCompleteResVerify -->
  <testcase name="singleFieldVerify" classname="com.qa.restAssuredBDD.XMLResValidation">
    <skipped/>
  </testcase> <!-- singleFieldVerify -->
</testsuite> <!-- com.qa.restAssuredBDD.XMLResValidation -->
