<?xml version="1.0" encoding="UTF-8"?>
<!-- Generated by org.testng.reporters.JUnitReportReporter -->
<testsuite skipped="0" hostname="RAM-PC" name="com.qa.delete.DeleteRequest" tests="1" failures="0" timestamp="27 Feb 2020 07:26:38 GMT" time="2.025" errors="0">
  <testcase name="deleteRequest" time="2.025" classname="com.qa.delete.DeleteRequest"/>
</testsuite> <!-- com.qa.delete.DeleteRequest -->
