<?xml version="1.0" encoding="UTF-8"?>
<!-- Generated by org.testng.reporters.JUnitReportReporter -->
<testsuite skipped="3" hostname="RAM-PC" name="com.qa.restFetures.GroovyFeatures" tests="4" failures="0" timestamp="07 Feb 2020 07:36:41 GMT" time="2.531" errors="0">
  <testcase name="conditionalloop" time="2.531" classname="com.qa.restFetures.GroovyFeatures"/>
  <testcase name="hasItemsFeatures" classname="com.qa.restFetures.GroovyFeatures">
    <skipped/>
  </testcase> <!-- hasItemsFeatures -->
  <testcase name="lenthOfParam" classname="com.qa.restFetures.GroovyFeatures">
    <skipped/>
  </testcase> <!-- lenthOfParam -->
  <testcase name="verifyParamAvailability" classname="com.qa.restFetures.GroovyFeatures">
    <skipped/>
  </testcase> <!-- verifyParamAvailability -->
</testsuite> <!-- com.qa.restFetures.GroovyFeatures -->
