<?xml version="1.0" encoding="UTF-8"?>
<!-- Generated by org.testng.reporters.JUnitReportReporter -->
<testsuite skipped="0" hostname="RAM-PC" name="com.qa.utility.BaseURI_BasePathGlobalAllRequests" tests="2" failures="0" timestamp="28 Feb 2020 12:22:28 GMT" time="9.276" errors="0">
  <testcase name="request1" time="8.053" classname="com.qa.utility.BaseURI_BasePathGlobalAllRequests"/>
  <testcase name="request2" time="1.223" classname="com.qa.utility.BaseURI_BasePathGlobalAllRequests"/>
</testsuite> <!-- com.qa.utility.BaseURI_BasePathGlobalAllRequests -->
