<?xml version="1.0" encoding="UTF-8"?>
<!-- Generated by org.testng.reporters.JUnitReportReporter -->
<testsuite skipped="4" hostname="RAM-PC" name="com.qa.restAssuredBDD.GetRequest" tests="5" failures="0" timestamp="30 Jan 2020 05:28:25 GMT" time="3.595" errors="0">
  <testcase name="verifyHeader" time="3.595" classname="com.qa.restAssuredBDD.GetRequest"/>
  <testcase name="getRequest" classname="com.qa.restAssuredBDD.GetRequest">
    <skipped/>
  </testcase> <!-- getRequest -->
  <testcase name="verifyBodyParam" classname="com.qa.restAssuredBDD.GetRequest">
    <skipped/>
  </testcase> <!-- verifyBodyParam -->
  <testcase name="verifyStatusLine" classname="com.qa.restAssuredBDD.GetRequest">
    <skipped/>
  </testcase> <!-- verifyStatusLine -->
  <testcase name="verifyStatusCode" classname="com.qa.restAssuredBDD.GetRequest">
    <skipped/>
  </testcase> <!-- verifyStatusCode -->
</testsuite> <!-- com.qa.restAssuredBDD.GetRequest -->
