<?xml version="1.0" encoding="UTF-8"?>
<!-- Generated by org.testng.reporters.JUnitReportReporter -->
<testsuite skipped="0" hostname="RAM-PC" name="com.qa.restFetures.CookiesSetInRequest" tests="1" failures="0" timestamp="07 Feb 2020 16:06:03 GMT" time="4.481" errors="0">
  <testcase name="getCookie" time="4.481" classname="com.qa.restFetures.CookiesSetInRequest"/>
</testsuite> <!-- com.qa.restFetures.CookiesSetInRequest -->
