<?xml version="1.0" encoding="UTF-8"?>
<!-- Generated by org.testng.reporters.JUnitReportReporter -->
<testsuite skipped="0" hostname="RAM-PC" name="com.qa.restFetures.PathParameter1" tests="1" failures="0" timestamp="13 Feb 2020 09:50:31 GMT" time="5.068" errors="0">
  <testcase name="pathParameter" time="5.068" classname="com.qa.restFetures.PathParameter1"/>
</testsuite> <!-- com.qa.restFetures.PathParameter1 -->
