<?xml version="1.0" encoding="UTF-8"?>
<!-- Generated by org.testng.reporters.JUnitReportReporter -->
<testsuite skipped="0" hostname="RAM-PC" name="com.qa.post.PostRequest" tests="1" failures="0" timestamp="27 Feb 2020 07:16:24 GMT" time="3.387" errors="0">
  <testcase name="postRequest" time="3.387" classname="com.qa.post.PostRequest"/>
</testsuite> <!-- com.qa.post.PostRequest -->
