<?xml version="1.0" encoding="UTF-8"?>
<!-- Generated by org.testng.reporters.JUnitReportReporter -->
<testsuite skipped="0" hostname="RAM-PC" name="com.qa.restAssuredBDD.Delete" tests="1" failures="0" timestamp="30 Jan 2020 06:34:31 GMT" time="2.089" errors="0">
  <testcase name="deleteRequest" time="2.089" classname="com.qa.restAssuredBDD.Delete"/>
</testsuite> <!-- com.qa.restAssuredBDD.Delete -->
