<?xml version="1.0" encoding="UTF-8"?>
<!-- Generated by org.testng.reporters.JUnitReportReporter -->
<testsuite skipped="1" hostname="RAM-PC" name="com.qa.restAssuredBDD.PostRequest" tests="2" failures="0" timestamp="07 Feb 2020 11:32:24 GMT" time="3.667" errors="0">
  <testcase name="postRequestStaticData" time="3.667" classname="com.qa.restAssuredBDD.PostRequest"/>
  <testcase name="postRequest" classname="com.qa.restAssuredBDD.PostRequest">
    <skipped/>
  </testcase> <!-- postRequest -->
</testsuite> <!-- com.qa.restAssuredBDD.PostRequest -->
