<?xml version="1.0" encoding="UTF-8"?>
<!-- Generated by org.testng.reporters.JUnitReportReporter -->
<testsuite skipped="0" hostname="RAM-PC" name="com.qa.restAssuredBDD.ResponseObject" tests="1" failures="0" timestamp="31 Jan 2020 07:02:22 GMT" time="2.522" errors="0">
  <testcase name="postReq" time="2.522" classname="com.qa.restAssuredBDD.ResponseObject"/>
</testsuite> <!-- com.qa.restAssuredBDD.ResponseObject -->
