<?xml version="1.0" encoding="UTF-8"?>
<!-- Generated by org.testng.reporters.JUnitReportReporter -->
<testsuite skipped="3" hostname="RAM-PC" name="com.qa.restFetures.GetCookiesFromResponse" tests="4" failures="0" timestamp="28 Feb 2020 18:12:56 GMT" time="4.685" errors="0">
  <testcase name="coonect" time="4.685" classname="com.qa.restFetures.GetCookiesFromResponse"/>
  <testcase name="cookiesMethods" classname="com.qa.restFetures.GetCookiesFromResponse">
    <skipped/>
  </testcase> <!-- cookiesMethods -->
  <testcase name="getDetailedCookie" classname="com.qa.restFetures.GetCookiesFromResponse">
    <skipped/>
  </testcase> <!-- getDetailedCookie -->
  <testcase name="cookies" classname="com.qa.restFetures.GetCookiesFromResponse">
    <skipped/>
  </testcase> <!-- cookies -->
</testsuite> <!-- com.qa.restFetures.GetCookiesFromResponse -->
