<?xml version="1.0" encoding="UTF-8"?>
<!-- Generated by org.testng.reporters.JUnitReportReporter -->
<testsuite skipped="0" hostname="RAM-PC" name="com.qa.restAssuredBDD.SerializationDesiJava" tests="2" failures="0" timestamp="28 Feb 2020 18:00:45 GMT" time="0.241" errors="0">
  <testcase name="serialization" time="0.060" classname="com.qa.restAssuredBDD.SerializationDesiJava"/>
  <testcase name="Deserialization" time="0.181" classname="com.qa.restAssuredBDD.SerializationDesiJava"/>
</testsuite> <!-- com.qa.restAssuredBDD.SerializationDesiJava -->
