<?xml version="1.0" encoding="UTF-8"?>
<!-- Generated by org.testng.reporters.JUnitReportReporter -->
<testsuite skipped="0" hostname="RAM-PC" name="com.qa.restFetures.QueryParameter1" tests="1" failures="0" timestamp="13 Feb 2020 10:00:21 GMT" time="3.947" errors="0">
  <testcase name="queryParameter" time="3.947" classname="com.qa.restFetures.QueryParameter1"/>
</testsuite> <!-- com.qa.restFetures.QueryParameter1 -->
