<?xml version="1.0" encoding="UTF-8"?>
<!-- Generated by org.testng.reporters.JUnitReportReporter -->
<testsuite skipped="0" hostname="RAM-PC" name="com.qa.seriDeseri.XMLvalidations.VideoGameSeriDeseriXML" tests="2" failures="0" timestamp="31 Jan 2020 06:04:27 GMT" time="4.383" errors="0">
  <testcase name="VideoGameSerializationXML" time="4.164" classname="com.qa.seriDeseri.XMLvalidations.VideoGameSeriDeseriXML"/>
  <testcase name="VideoGameDeSerializationXML" time="0.219" classname="com.qa.seriDeseri.XMLvalidations.VideoGameSeriDeseriXML"/>
</testsuite> <!-- com.qa.seriDeseri.XMLvalidations.VideoGameSeriDeseriXML -->
