<?xml version="1.0" encoding="UTF-8"?>
<!-- Generated by org.testng.reporters.JUnitReportReporter -->
<testsuite skipped="1" hostname="RAM-PC" name="com.qa.restFetures.QueryParameter" tests="2" failures="0" timestamp="07 Feb 2020 10:41:06 GMT" time="4.296" errors="0">
  <testcase name="queryParameter" time="4.296" classname="com.qa.restFetures.QueryParameter"/>
  <testcase name="queryParameterOnlyGetReqDummy" classname="com.qa.restFetures.QueryParameter">
    <skipped/>
  </testcase> <!-- queryParameterOnlyGetReqDummy -->
</testsuite> <!-- com.qa.restFetures.QueryParameter -->
