<?xml version="1.0" encoding="UTF-8"?>
<!-- Generated by org.testng.reporters.JUnitReportReporter -->
<testsuite skipped="3" hostname="RAM-PC" name="com.qa.restFetures.HeadersInAPI" tests="4" failures="0" timestamp="07 Feb 2020 09:09:40 GMT" time="3.444" errors="0">
  <testcase name="getHeaders" time="3.444" classname="com.qa.restFetures.HeadersInAPI"/>
  <testcase name="header" classname="com.qa.restFetures.HeadersInAPI">
    <skipped/>
  </testcase> <!-- header -->
  <testcase name="headers" classname="com.qa.restFetures.HeadersInAPI">
    <skipped/>
  </testcase> <!-- headers -->
  <testcase name="getHeader" classname="com.qa.restFetures.HeadersInAPI">
    <skipped/>
  </testcase> <!-- getHeader -->
</testsuite> <!-- com.qa.restFetures.HeadersInAPI -->
