<?xml version="1.0" encoding="UTF-8"?>
<!-- Generated by org.testng.reporters.JUnitReportReporter -->
<testsuite skipped="0" hostname="RAM-PC" name="com.qa.jsonPath.JsonPathEvaluator" tests="1" failures="0" timestamp="28 Feb 2020 12:08:11 GMT" time="5.208" errors="0">
  <testcase name="jsonPathEvaluator" time="5.208" classname="com.qa.jsonPath.JsonPathEvaluator"/>
</testsuite> <!-- com.qa.jsonPath.JsonPathEvaluator -->
