<?xml version="1.0" encoding="UTF-8"?>
<!-- Generated by org.testng.reporters.JUnitReportReporter -->
<testsuite skipped="0" hostname="RAM-PC" name="com.qa.seriDeseri.JSONvalidations.VideoGameSeriDeseriJSON" tests="2" failures="0" timestamp="31 Jan 2020 01:44:01 GMT" time="4.573" errors="0">
  <testcase name="VideoGameSerializationJSON" time="4.203" classname="com.qa.seriDeseri.JSONvalidations.VideoGameSeriDeseriJSON"/>
  <testcase name="VideoGameDeSerializationJSON" time="0.370" classname="com.qa.seriDeseri.JSONvalidations.VideoGameSeriDeseriJSON"/>
</testsuite> <!-- com.qa.seriDeseri.JSONvalidations.VideoGameSeriDeseriJSON -->
