<?xml version="1.0" encoding="UTF-8"?>
<!-- Generated by org.testng.reporters.JUnitReportReporter -->
<testsuite skipped="0" hostname="RAM-PC" name="com.qa.post.PostReqJSONObject" tests="1" failures="0" timestamp="27 Feb 2020 07:25:09 GMT" time="3.429" errors="0">
  <testcase name="postRequestStaticData" time="3.429" classname="com.qa.post.PostReqJSONObject"/>
</testsuite> <!-- com.qa.post.PostReqJSONObject -->
