<?xml version="1.0" encoding="UTF-8"?>
<!-- Generated by org.testng.reporters.JUnitReportReporter -->
<testsuite skipped="0" hostname="RAM-PC" name="com.qa.restFetures.SetCookieInRequest" tests="1" failures="0" timestamp="11 Feb 2020 05:12:38 GMT" time="5.725" errors="0">
  <testcase name="getCookie" time="5.725" classname="com.qa.restFetures.SetCookieInRequest"/>
</testsuite> <!-- com.qa.restFetures.SetCookieInRequest -->
