<?xml version="1.0" encoding="UTF-8"?>
<!-- Generated by org.testng.reporters.JUnitReportReporter -->
<testsuite skipped="1" hostname="RAM-PC" name="com.qa.restFetures.SSLandTLScertification" tests="2" failures="0" timestamp="11 Feb 2020 11:39:23 GMT" time="3.500" errors="0">
  <testcase name="TLScertification" time="3.500" classname="com.qa.restFetures.SSLandTLScertification"/>
  <testcase name="SSLcertification" classname="com.qa.restFetures.SSLandTLScertification">
    <skipped/>
  </testcase> <!-- SSLcertification -->
</testsuite> <!-- com.qa.restFetures.SSLandTLScertification -->
