<?xml version="1.0" encoding="UTF-8"?>
<!-- Generated by org.testng.reporters.JUnitReportReporter -->
<testsuite skipped="0" hostname="RAM-PC" name="com.qa.restFetures.LogsInRestAssured" tests="1" failures="0" timestamp="11 Feb 2020 11:18:24 GMT" time="4.577" errors="0">
  <testcase name="reqSpecification" time="4.577" classname="com.qa.restFetures.LogsInRestAssured"/>
</testsuite> <!-- com.qa.restFetures.LogsInRestAssured -->
