<?xml version="1.0" encoding="UTF-8"?>
<!-- Generated by org.testng.reporters.JUnitReportReporter -->
<testsuite skipped="3" hostname="RAM-PC" name="com.qa.restFetures.CookiesAPI" tests="4" failures="0" timestamp="07 Feb 2020 09:45:40 GMT" time="4.625" errors="0">
  <testcase name="coonect" time="4.625" classname="com.qa.restFetures.CookiesAPI"/>
  <testcase name="getDetailedCookie" classname="com.qa.restFetures.CookiesAPI">
    <skipped/>
  </testcase> <!-- getDetailedCookie -->
  <testcase name="cookiesMethods" classname="com.qa.restFetures.CookiesAPI">
    <skipped/>
  </testcase> <!-- cookiesMethods -->
  <testcase name="cookies" classname="com.qa.restFetures.CookiesAPI">
    <skipped/>
  </testcase> <!-- cookies -->
</testsuite> <!-- com.qa.restFetures.CookiesAPI -->
