<?xml version="1.0" encoding="UTF-8"?>
<!-- Generated by org.testng.reporters.JUnitReportReporter -->
<testsuite skipped="3" hostname="RAM-PC" name="com.qa.restFetures.Authentication" tests="4" failures="0" timestamp="11 Feb 2020 12:01:31 GMT" time="3.900" errors="0">
  <testcase name="digestiveAuthTyp3" time="3.900" classname="com.qa.restFetures.Authentication"/>
  <testcase name="preemptiveAuthTyp2" classname="com.qa.restFetures.Authentication">
    <skipped/>
  </testcase> <!-- preemptiveAuthTyp2 -->
  <testcase name="basicChallAuthTyp1" classname="com.qa.restFetures.Authentication">
    <skipped/>
  </testcase> <!-- basicChallAuthTyp1 -->
  <testcase name="defaultbasicAuth" classname="com.qa.restFetures.Authentication">
    <skipped/>
  </testcase> <!-- defaultbasicAuth -->
</testsuite> <!-- com.qa.restFetures.Authentication -->
