<?xml version="1.0" encoding="UTF-8"?>
<!-- Generated by org.testng.reporters.JUnitReportReporter -->
<testsuite skipped="1" hostname="RAM-PC" name="com.qa.put.PutRequest" tests="2" failures="0" timestamp="27 Feb 2020 09:12:01 GMT" time="3.512" errors="0">
  <testcase name="putRequest" time="3.512" classname="com.qa.put.PutRequest"/>
  <testcase name="putRequestJSONObject" classname="com.qa.put.PutRequest">
    <skipped/>
  </testcase> <!-- putRequestJSONObject -->
</testsuite> <!-- com.qa.put.PutRequest -->
