<?xml version="1.0" encoding="UTF-8"?>
<!-- Generated by org.testng.reporters.JUnitReportReporter -->
<testsuite skipped="2" hostname="RAM-PC" name="com.qa.testcases.SinglePhotosTestCases" tests="2" failures="0" timestamp="11 Feb 2020 16:57:11 GMT" time="0.000" errors="0">
  <testcase name="testSinglePhotoCase2" time="0.000" classname="com.qa.testcases.SinglePhotosTestCases">
    <skipped/>
  </testcase> <!-- testSinglePhotoCase2 -->
  <testcase name="testSinglePhotoCase1" time="0.000" classname="com.qa.testcases.SinglePhotosTestCases">
    <skipped/>
  </testcase> <!-- testSinglePhotoCase1 -->
</testsuite> <!-- com.qa.testcases.SinglePhotosTestCases -->
