<?xml version="1.0" encoding="UTF-8"?>
<!-- Generated by org.testng.reporters.JUnitReportReporter -->
<testsuite skipped="0" hostname="RAM-PC" name="com.qa.restFetures.SetMultipleCookies" tests="1" failures="0" timestamp="11 Feb 2020 05:20:14 GMT" time="3.078" errors="0">
  <testcase name="setMultipleCookies" time="3.078" classname="com.qa.restFetures.SetMultipleCookies"/>
</testsuite> <!-- com.qa.restFetures.SetMultipleCookies -->
