<?xml version="1.0" encoding="UTF-8"?>
<!-- Generated by org.testng.reporters.JUnitReportReporter -->
<testsuite skipped="0" hostname="RAM-PC" name="com.qa.parallel.ParallelClassesTestOne" tests="2" failures="0" timestamp="17 Feb 2020 06:09:21 GMT" time="0.020" errors="0">
  <testcase name="testMethodTwo" time="0.001" classname="com.qa.parallel.ParallelClassesTestOne"/>
  <testcase name="testMethodOne" time="0.019" classname="com.qa.parallel.ParallelClassesTestOne"/>
</testsuite> <!-- com.qa.parallel.ParallelClassesTestOne -->
