<?xml version="1.0" encoding="UTF-8"?>
<!-- Generated by org.testng.reporters.JUnitReportReporter -->
<testsuite skipped="0" hostname="RAM-PC" name="com.qa.parallel.ParallelClassesTestTwo" tests="2" failures="0" timestamp="17 Feb 2020 06:09:21 GMT" time="0.009" errors="0">
  <testcase name="testMethodOne" time="0.007" classname="com.qa.parallel.ParallelClassesTestTwo"/>
  <testcase name="testMethodTwo" time="0.002" classname="com.qa.parallel.ParallelClassesTestTwo"/>
</testsuite> <!-- com.qa.parallel.ParallelClassesTestTwo -->
