<?xml version="1.0" encoding="UTF-8"?>
<!-- Generated by org.testng.reporters.JUnitReportReporter -->
<testsuite skipped="0" hostname="RAM-PC" name="basicAnnoatation.TestCaseDependancy" tests="3" failures="0" timestamp="18 Jul 2018 05:44:09 GMT" time="0.014" errors="0">
  <testcase name="login" time="0.002" classname="basicAnnoatation.TestCaseDependancy"/>
  <testcase name="startApp" time="0.010" classname="basicAnnoatation.TestCaseDependancy"/>
  <testcase name="logout" time="0.002" classname="basicAnnoatation.TestCaseDependancy"/>
</testsuite> <!-- basicAnnoatation.TestCaseDependancy -->
