<?xml version="1.0" encoding="UTF-8"?>
<!-- Generated by org.testng.reporters.JUnitReportReporter -->
<testsuite skipped="0" hostname="RAM-PC" name="com.qa.testNG.groups.TestGroupExample" tests="1" failures="0" timestamp="17 Feb 2020 10:24:20 GMT" time="0.027" errors="0">
  <testcase name="testMethodFour" time="0.027" classname="com.qa.testNG.groups.TestGroupExample"/>
</testsuite> <!-- com.qa.testNG.groups.TestGroupExample -->
