<?xml version="1.0" encoding="UTF-8"?>
<!-- Generated by org.testng.reporters.JUnitReportReporter -->
<testsuite skipped="0" hostname="RAM-PC" name="com.qa.basicAnnoatation.AnnotationRunOrder" tests="2" failures="0" timestamp="22 Jan 2020 19:50:44 GMT" time="0.022" errors="0">
  <testcase name="testPriority" time="0.005" classname="com.qa.basicAnnoatation.AnnotationRunOrder"/>
  <testcase name="test" time="0.017" classname="com.qa.basicAnnoatation.AnnotationRunOrder"/>
</testsuite> <!-- com.qa.basicAnnoatation.AnnotationRunOrder -->
