<?xml version="1.0" encoding="UTF-8"?>
<!-- Generated by org.testng.reporters.JUnitReportReporter -->
<testsuite skipped="0" hostname="RAM-PC" name="basicAnnoatation.TestNGtut" tests="6" failures="0" timestamp="13 Jun 2019 18:41:31 GMT" time="0.035" errors="0">
  <testcase name="negativ" time="0.020" classname="basicAnnoatation.TestNGtut"/>
  <testcase name="item" time="0.004" classname="basicAnnoatation.TestNGtut"/>
  <testcase name="Login" time="0.003" classname="basicAnnoatation.TestNGtut"/>
  <testcase name="checkOut" time="0.002" classname="basicAnnoatation.TestNGtut"/>
  <testcase name="first" time="0.001" classname="basicAnnoatation.TestNGtut"/>
  <testcase name="second" time="0.005" classname="basicAnnoatation.TestNGtut"/>
</testsuite> <!-- basicAnnoatation.TestNGtut -->
