<?xml version="1.0" encoding="UTF-8"?>
<!-- Generated by org.testng.reporters.JUnitReportReporter -->
<testsuite skipped="0" hostname="RAM-PC" name="com.qa.testNGfeatures.DataProviderEx1" tests="2" failures="0" timestamp="17 Feb 2020 09:54:40 GMT" time="0.020" errors="0">
  <testcase name="name" time="0.003" classname="com.qa.testNGfeatures.DataProviderEx1"/>
  <testcase name="name" time="0.017" classname="com.qa.testNGfeatures.DataProviderEx1"/>
</testsuite> <!-- com.qa.testNGfeatures.DataProviderEx1 -->
