<?xml version="1.0" encoding="UTF-8"?>
<!-- Generated by org.testng.reporters.JUnitReportReporter -->
<testsuite skipped="0" hostname="RAM-PC" name="com.qa.dataProviders.DataReceiverClass" tests="3" failures="0" timestamp="09 Mar 2020 09:20:44 GMT" time="0.031" errors="0">
  <testcase name="dataProviderTestMethod" time="0.022" classname="com.qa.dataProviders.DataReceiverClass"/>
  <testcase name="dataProviderTestMethod" time="0.002" classname="com.qa.dataProviders.DataReceiverClass"/>
  <testcase name="dataProviderTestMethod" time="0.007" classname="com.qa.dataProviders.DataReceiverClass"/>
</testsuite> <!-- com.qa.dataProviders.DataReceiverClass -->
