<?xml version="1.0" encoding="UTF-8"?>
<!-- Generated by org.testng.reporters.JUnitReportReporter -->
<testsuite skipped="0" hostname="RAM-PC" name="basicAnnoatation.TestNGPriority" tests="6" failures="0" timestamp="09 Dec 2019 04:53:38 GMT" time="0.028" errors="0">
  <testcase name="negativ" time="0.018" classname="basicAnnoatation.TestNGPriority"/>
  <testcase name="item" time="0.002" classname="basicAnnoatation.TestNGPriority"/>
  <testcase name="Login" time="0.003" classname="basicAnnoatation.TestNGPriority"/>
  <testcase name="checkOut" time="0.002" classname="basicAnnoatation.TestNGPriority"/>
  <testcase name="first" time="0.001" classname="basicAnnoatation.TestNGPriority"/>
  <testcase name="second" time="0.002" classname="basicAnnoatation.TestNGPriority"/>
</testsuite> <!-- basicAnnoatation.TestNGPriority -->
