<?xml version="1.0" encoding="UTF-8"?>
<!-- Generated by org.testng.reporters.JUnitReportReporter -->
<testsuite skipped="0" hostname="RAM-PC" name="com.qa.parallel.ParallelMethodTest" tests="2" failures="0" timestamp="17 Feb 2020 06:28:46 GMT" time="0.033" errors="0">
  <testcase name="testMethodsTwo" time="0.005" classname="com.qa.parallel.ParallelMethodTest"/>
  <testcase name="testMethodsOne" time="0.028" classname="com.qa.parallel.ParallelMethodTest"/>
</testsuite> <!-- com.qa.parallel.ParallelMethodTest -->
