<?xml version="1.0" encoding="UTF-8"?>
<!-- Generated by org.testng.reporters.JUnitReportReporter -->
<testsuite skipped="0" hostname="RAM-PC" name="seleniumExamples.ActionsInSelenium" tests="1" failures="0" timestamp="31 Aug 2018 05:38:42 GMT" time="0.005" errors="0">
  <testcase name="seleniumActions" time="0.005" classname="seleniumExamples.ActionsInSelenium"/>
</testsuite> <!-- seleniumExamples.ActionsInSelenium -->
