<?xml version="1.0" encoding="UTF-8"?>
<!-- Generated by org.testng.reporters.JUnitReportReporter -->
<testsuite skipped="0" hostname="RAM-PC" name="basicAnnoatation.ThreadPoolSizeIgnoredWithoutInvocationCount" tests="5" failures="0" timestamp="09 Dec 2019 06:09:34 GMT" time="0.104" errors="0">
  <testcase name="test" time="0.021" classname="basicAnnoatation.ThreadPoolSizeIgnoredWithoutInvocationCount"/>
  <testcase name="test" time="0.019" classname="basicAnnoatation.ThreadPoolSizeIgnoredWithoutInvocationCount"/>
  <testcase name="test" time="0.019" classname="basicAnnoatation.ThreadPoolSizeIgnoredWithoutInvocationCount"/>
  <testcase name="test" time="0.023" classname="basicAnnoatation.ThreadPoolSizeIgnoredWithoutInvocationCount"/>
  <testcase name="test" time="0.022" classname="basicAnnoatation.ThreadPoolSizeIgnoredWithoutInvocationCount"/>
</testsuite> <!-- basicAnnoatation.ThreadPoolSizeIgnoredWithoutInvocationCount -->
