<?xml version="1.0" encoding="UTF-8"?>
<!-- Generated by org.testng.reporters.JUnitReportReporter -->
<testsuite skipped="0" hostname="RAM-PC" name="com.qa.parallel.ParallelTestCasesTestSuite" tests="1" failures="0" timestamp="17 Feb 2020 06:28:46 GMT" time="0.043" errors="0">
  <testcase name="testMethodOne" time="0.043" classname="com.qa.parallel.ParallelTestCasesTestSuite"/>
</testsuite> <!-- com.qa.parallel.ParallelTestCasesTestSuite -->
