<?xml version="1.0" encoding="UTF-8"?>
<!-- Generated by org.testng.reporters.JUnitReportReporter -->
<testsuite skipped="0" hostname="RAM-PC" name="com.qa.basicAnnoatation.AnnotationRunOrder" tests="2" failures="0" timestamp="17 Feb 2020 05:20:42 GMT" time="0.026" errors="0">
  <testcase name="testPriority" time="0.006" classname="com.qa.basicAnnoatation.AnnotationRunOrder"/>
  <testcase name="test" time="0.020" classname="com.qa.basicAnnoatation.AnnotationRunOrder"/>
</testsuite> <!-- com.qa.basicAnnoatation.AnnotationRunOrder -->
