<?xml version="1.0" encoding="UTF-8"?>
<!-- Generated by org.testng.reporters.JUnitReportReporter -->
<testsuite skipped="0" hostname="RAM-PC" name="com.qa.basicAnnoatation.TestCasesExeSequenceOrder" tests="1" failures="0" timestamp="04 Mar 2020 09:30:08 GMT" time="0.020" errors="0">
  <testcase name="FirstTestCasesExe" time="0.020" classname="com.qa.basicAnnoatation.TestCasesExeSequenceOrder"/>
</testsuite> <!-- com.qa.basicAnnoatation.TestCasesExeSequenceOrder -->
