<?xml version="1.0" encoding="UTF-8"?>
<!-- Generated by org.testng.reporters.JUnitReportReporter -->
<testsuite skipped="0" hostname="RAM-PC" name="com.qa.dataProviders.DataProviderEx1" tests="2" failures="0" timestamp="09 Mar 2020 09:22:38 GMT" time="0.026" errors="0">
  <testcase name="name" time="0.004" classname="com.qa.dataProviders.DataProviderEx1"/>
  <testcase name="name" time="0.022" classname="com.qa.dataProviders.DataProviderEx1"/>
</testsuite> <!-- com.qa.dataProviders.DataProviderEx1 -->
