<?xml version="1.0" encoding="UTF-8"?>
<!-- Generated by org.testng.reporters.JUnitReportReporter -->
<testsuite skipped="0" hostname="RAM-PC" name="com.qa.testNGfeatures.DataReceiverClass" tests="3" failures="0" timestamp="17 Feb 2020 10:02:31 GMT" time="0.027" errors="0">
  <testcase name="dataProviderTestMethod" time="0.021" classname="com.qa.testNGfeatures.DataReceiverClass"/>
  <testcase name="dataProviderTestMethod" time="0.003" classname="com.qa.testNGfeatures.DataReceiverClass"/>
  <testcase name="dataProviderTestMethod" time="0.003" classname="com.qa.testNGfeatures.DataReceiverClass"/>
</testsuite> <!-- com.qa.testNGfeatures.DataReceiverClass -->
