<?xml version="1.0" encoding="UTF-8"?>
<!-- Generated by org.testng.reporters.JUnitReportReporter -->
<testsuite skipped="0" hostname="RAM-PC" name="com.qa.retryFailedTCUsingListener.TestCaseRetryByListerner" tests="2" failures="0" timestamp="26 Dec 2019 17:05:03 GMT" time="0.041" errors="0">
  <testcase name="Test2ByListerner" time="0.006" classname="com.qa.retryFailedTCUsingListener.TestCaseRetryByListerner"/>
  <testcase name="Test1ByListerner" time="0.035" classname="com.qa.retryFailedTCUsingListener.TestCaseRetryByListerner"/>
</testsuite> <!-- com.qa.retryFailedTCUsingListener.TestCaseRetryByListerner -->
