<?xml version="1.0" encoding="UTF-8"?>
<!-- Generated by org.testng.reporters.JUnitXMLReporter -->
<testsuite hostname="RAM-PC" ignored="0" name="Test-method test" tests="2" failures="0" timestamp="17 Feb 2020 06:10:02 GMT" time="15.272" errors="0">
  <testcase name="testMethodsOne" time="0.019" classname="com.qa.parallel.ParallelMethodTest"/>
  <testcase name="testMethodsTwo" time="0.083" classname="com.qa.parallel.ParallelMethodTest"/>
</testsuite> <!-- Test-method test -->
