<?xml version="1.0" encoding="UTF-8"?>
<!-- Generated by org.testng.reporters.JUnitReportReporter -->
<testsuite skipped="0" hostname="RAM-PC" name="com.qa.javascriptExecuter.GetPageTitle" tests="1" failures="0" timestamp="20 Feb 2020 09:46:13 GMT" time="2.682" errors="0">
  <testcase name="getPageTitle" time="2.682" classname="com.qa.javascriptExecuter.GetPageTitle"/>
</testsuite> <!-- com.qa.javascriptExecuter.GetPageTitle -->
