<?xml version="1.0" encoding="UTF-8"?>
<!-- Generated by org.testng.reporters.JUnitReportReporter -->
<testsuite hostname="RAM-PC" name="com.qa.getWindowHandles.GetWindowHandle" tests="1" failures="0" timestamp="19 Feb 2020 09:43:56 GMT" time="1.615" errors="0">
  <testcase name="getAllWindowsInArrayList" time="1.615" classname="com.qa.getWindowHandles.GetWindowHandle"/>
</testsuite> <!-- com.qa.getWindowHandles.GetWindowHandle -->
