<?xml version="1.0" encoding="UTF-8"?>
<!-- Generated by org.testng.reporters.JUnitReportReporter -->
<testsuite skipped="0" hostname="RAM-PC" name="com.qa.javascriptExecuter.DatePickerSetAttributeJS" tests="1" failures="0" timestamp="03 Mar 2020 07:11:44 GMT" time="14.305" errors="0">
  <testcase name="datePickerSetAttributeJS" time="14.305" classname="com.qa.javascriptExecuter.DatePickerSetAttributeJS"/>
</testsuite> <!-- com.qa.javascriptExecuter.DatePickerSetAttributeJS -->
