<?xml version="1.0" encoding="UTF-8"?>
<!-- Generated by org.testng.reporters.JUnitReportReporter -->
<testsuite hostname="DESKTOP-TQ4UPAI" failures="0" tests="1" name="com.qa.utility.BarCodeTest" time="16.447" errors="0" timestamp="27 Mar 2020 12:12:25 GMT" skipped="0">
  <testcase classname="com.qa.utility.BarCodeTest" name="barCodeTest" time="16.447"/>
</testsuite> <!-- com.qa.utility.BarCodeTest -->
