<?xml version="1.0" encoding="UTF-8"?>
<!-- Generated by org.testng.reporters.JUnitReportReporter -->
<testsuite skipped="0" hostname="RAM-PC" name="com.java.seleniumFeature.FindBrokenLink" tests="1" failures="0" timestamp="06 Mar 2020 11:59:10 GMT" time="59.208" errors="0">
  <testcase name="findBrokenLink_allhref" time="59.208" classname="com.java.seleniumFeature.FindBrokenLink"/>
</testsuite> <!-- com.java.seleniumFeature.FindBrokenLink -->
