<?xml version="1.0" encoding="UTF-8"?>
<!-- Generated by org.testng.reporters.JUnitReportReporter -->
<testsuite hostname="RAM-PC" name="com.qa.getWindowHandles.GetAllWindowsInArrayList" tests="1" failures="0" timestamp="19 Feb 2020 09:38:29 GMT" time="2.173" errors="0">
  <testcase name="getAllWindowsInArrayList" time="2.173" classname="com.qa.getWindowHandles.GetAllWindowsInArrayList"/>
</testsuite> <!-- com.qa.getWindowHandles.GetAllWindowsInArrayList -->
