<?xml version="1.0" encoding="UTF-8"?>
<!-- Generated by org.testng.reporters.JUnitReportReporter -->
<testsuite hostname="RAM-PC" name="com.qa.xpath.CustomVarXpath" tests="1" failures="0" timestamp="19 Feb 2020 06:39:02 GMT" time="4.623" errors="0">
  <testcase name="myMethod" time="4.623" classname="com.qa.xpath.CustomVarXpath"/>
</testsuite> <!-- com.qa.xpath.CustomVarXpath -->
