<?xml version="1.0" encoding="UTF-8"?>
<!-- Generated by org.testng.reporters.JUnitReportReporter -->
<testsuite hostname="RAM-PC" name="com.qa.seleniumQuestions.GetAllLinksText" tests="1" failures="0" timestamp="14 Feb 2020 05:25:23 GMT" time="5.570" errors="0">
  <testcase name="getAllLinksText" time="5.570" classname="com.qa.seleniumQuestions.GetAllLinksText"/>
</testsuite> <!-- com.qa.seleniumQuestions.GetAllLinksText -->
