<?xml version="1.0" encoding="UTF-8"?>
<!-- Generated by org.testng.reporters.JUnitReportReporter -->
<testsuite skipped="0" hostname="RAM-PC" name="com.qa.javascriptExecuter.RefreshPage" tests="1" failures="0" timestamp="20 Feb 2020 09:47:26 GMT" time="5.353" errors="0">
  <testcase name="refreshBy" time="5.353" classname="com.qa.javascriptExecuter.RefreshPage"/>
</testsuite> <!-- com.qa.javascriptExecuter.RefreshPage -->
