<?xml version="1.0" encoding="UTF-8"?>
<!-- Generated by org.testng.reporters.JUnitReportReporter -->
<testsuite hostname="DESKTOP-TQ4UPAI" failures="0" tests="1" name="com.qa.driverManager.ChromWebDriverManager" time="39.283" errors="0" timestamp="28 Mar 2020 07:44:17 GMT" skipped="0">
  <testcase classname="com.qa.driverManager.ChromWebDriverManager" name="chromWebDriverManager" time="39.283"/>
</testsuite> <!-- com.qa.driverManager.ChromWebDriverManager -->
