<?xml version="1.0" encoding="UTF-8"?>
<!-- Generated by org.testng.reporters.JUnitReportReporter -->
<testsuite hostname="DESKTOP-TQ4UPAI" failures="0" tests="1" name="com.qa.specialLocators.ByIdOrNameSpecialLocator" time="10.260" errors="0" timestamp="27 Mar 2020 19:21:37 GMT" skipped="0">
  <testcase classname="com.qa.specialLocators.ByIdOrNameSpecialLocator" name="specialLocatorByIdOrName" time="10.260"/>
</testsuite> <!-- com.qa.specialLocators.ByIdOrNameSpecialLocator -->
