<?xml version="1.0" encoding="UTF-8"?>
<!-- Generated by org.testng.reporters.JUnitReportReporter -->
<testsuite hostname="DESKTOP-TQ4UPAI" failures="0" tests="1" name="com.qa.utility.WebTableWriteToExcel" time="0.008" errors="0" timestamp="25 Mar 2020 16:46:21 GMT" skipped="0">
  <testcase classname="com.qa.utility.WebTableWriteToExcel" name="writeWebTableValuesToExcel" time="0.008"/>
</testsuite> <!-- com.qa.utility.WebTableWriteToExcel -->
