<?xml version="1.0" encoding="UTF-8"?>
<!-- Generated by org.testng.reporters.JUnitReportReporter -->
<testsuite skipped="0" hostname="LAPTOP-20TPOOCQ" name="com.qa.webdriver.basics.CheckBoxOperations" tests="1" failures="0" timestamp="07 Nov 2020 17:45:51 GMT" time="2.146" errors="0">
  <testcase name="checkBoxFun" time="2.146" classname="com.qa.webdriver.basics.CheckBoxOperations"/>
</testsuite> <!-- com.qa.webdriver.basics.CheckBoxOperations -->
