<?xml version="1.0" encoding="UTF-8"?>
<!-- Generated by org.testng.reporters.JUnitReportReporter -->
<testsuite skipped="1" hostname="RAM-PC" name="com.qa.ExpectedConditionsClass.ElementToBeSelected_ExpectedConditions" tests="2" failures="0" timestamp="17 Mar 2020 09:19:12 GMT" time="3.257" errors="0">
  <testcase name="elementToBeSelectedUsingWebElement" time="3.257" classname="com.qa.ExpectedConditionsClass.ElementToBeSelected_ExpectedConditions"/>
  <testcase name="elementToBeSelectedUsingByLocator" classname="com.qa.ExpectedConditionsClass.ElementToBeSelected_ExpectedConditions">
    <skipped/>
  </testcase> <!-- elementToBeSelectedUsingByLocator -->
</testsuite> <!-- com.qa.ExpectedConditionsClass.ElementToBeSelected_ExpectedConditions -->
