<?xml version="1.0" encoding="UTF-8"?>
<!-- Generated by org.testng.reporters.JUnitReportReporter -->
<testsuite skipped="0" hostname="RAM-PC" name="com.qa.ExpectedConditionsClass.ElementToBeClickable_ExpectedConditions" tests="2" failures="0" timestamp="17 Mar 2020 08:39:17 GMT" time="14.561" errors="0">
  <testcase name="elementToBeClickableUsingByWebElement" time="5.512" classname="com.qa.ExpectedConditionsClass.ElementToBeClickable_ExpectedConditions"/>
  <testcase name="elementToBeClickableUsingByLocator" time="9.049" classname="com.qa.ExpectedConditionsClass.ElementToBeClickable_ExpectedConditions"/>
</testsuite> <!-- com.qa.ExpectedConditionsClass.ElementToBeClickable_ExpectedConditions -->
