<?xml version="1.0" encoding="UTF-8"?>
<!-- Generated by org.testng.reporters.JUnitReportReporter -->
<testsuite skipped="0" hostname="RAM-PC" name="com.qa.waits.WebDriverWaitCustomSendKeyClickMethod" tests="1" failures="0" timestamp="02 Mar 2020 11:10:19 GMT" time="12.719" errors="0">
  <testcase name="webDriverWaitCustomSendKeyClickMethod" time="12.719" classname="com.qa.waits.WebDriverWaitCustomSendKeyClickMethod"/>
</testsuite> <!-- com.qa.waits.WebDriverWaitCustomSendKeyClickMethod -->
