<?xml version="1.0" encoding="UTF-8"?>
<!-- Generated by org.testng.reporters.JUnitReportReporter -->
<testsuite skipped="0" hostname="RAM-PC" name="com.qa.utility.DateCalenderHandling" tests="1" failures="0" timestamp="26 Feb 2020 11:30:37 GMT" time="0.020" errors="0">
  <testcase name="dateCalenderHandling" time="0.020" classname="com.qa.utility.DateCalenderHandling"/>
</testsuite> <!-- com.qa.utility.DateCalenderHandling -->
