<?xml version="1.0" encoding="UTF-8"?>
<!-- Generated by org.testng.reporters.JUnitReportReporter -->
<testsuite skipped="0" hostname="RAM-PC" name="com.qa.utility.ExtentHTMLreport" tests="1" failures="0" timestamp="10 Mar 2020 06:34:13 GMT" time="0.101" errors="0">
  <testcase name="testDemo" time="0.101" classname="com.qa.utility.ExtentHTMLreport"/>
</testsuite> <!-- com.qa.utility.ExtentHTMLreport -->
