<?xml version="1.0" encoding="UTF-8"?>
<!-- Generated by org.testng.reporters.JUnitReportReporter -->
<testsuite hostname="RAM-PC" name="com.qa.getWindowHandles.GetWindowHandlesAllInArrayList" tests="1" failures="0" timestamp="19 Feb 2020 09:56:25 GMT" time="3.007" errors="0">
  <testcase name="getAllWindowsInArrayList" time="3.007" classname="com.qa.getWindowHandles.GetWindowHandlesAllInArrayList"/>
</testsuite> <!-- com.qa.getWindowHandles.GetWindowHandlesAllInArrayList -->
