<?xml version="1.0" encoding="UTF-8"?>
<!-- Generated by org.testng.reporters.JUnitReportReporter -->
<testsuite skipped="0" hostname="RAM-PC" name="com.qa.javascriptExecuter.GenerateAlert" tests="1" failures="0" timestamp="20 Feb 2020 09:51:08 GMT" time="2.066" errors="0">
  <testcase name="generateInfoAlert" time="2.066" classname="com.qa.javascriptExecuter.GenerateAlert"/>
</testsuite> <!-- com.qa.javascriptExecuter.GenerateAlert -->
