<?xml version="1.0" encoding="UTF-8"?>
<!-- Generated by org.testng.reporters.JUnitReportReporter -->
<testsuite skipped="0" hostname="RAM-PC" name="com.qa.javascriptExecuter.GetCompletePageText" tests="1" failures="0" timestamp="20 Feb 2020 09:44:23 GMT" time="0.068" errors="0">
  <testcase name="getCompletePageText" time="0.068" classname="com.qa.javascriptExecuter.GetCompletePageText"/>
</testsuite> <!-- com.qa.javascriptExecuter.GetCompletePageText -->
