<?xml version="1.0" encoding="UTF-8"?>
<!-- Generated by org.testng.reporters.JUnitReportReporter -->
<testsuite skipped="0" hostname="LAPTOP-20TPOOCQ" name="com.qa.webdriver.basics.BasicLocatorTest" tests="1" failures="0" timestamp="07 Nov 2020 17:14:48 GMT" time="12.676" errors="0">
  <testcase name="locatorBasicTest" time="12.676" classname="com.qa.webdriver.basics.BasicLocatorTest"/>
</testsuite> <!-- com.qa.webdriver.basics.BasicLocatorTest -->
