<?xml version="1.0" encoding="UTF-8"?>
<!-- Generated by org.testng.reporters.JUnitReportReporter -->
<testsuite skipped="0" hostname="RAM-PC" name="com.qa.javascriptExecuter.ClickByJavaScript" tests="1" failures="0" timestamp="20 Feb 2020 09:49:20 GMT" time="2.636" errors="0">
  <testcase name="clickByJavascript" time="2.636" classname="com.qa.javascriptExecuter.ClickByJavaScript"/>
</testsuite> <!-- com.qa.javascriptExecuter.ClickByJavaScript -->
