<?xml version="1.0" encoding="UTF-8"?>
<!-- Generated by org.testng.reporters.JUnitReportReporter -->
<testsuite skipped="0" hostname="RAM-PC" name="com.qa.xpath.DynamicTableXpathLoopIteration" tests="1" failures="0" timestamp="25 Feb 2020 09:59:17 GMT" time="13.315" errors="0">
  <testcase name="dynamicTableXpathLoopIteration" time="13.315" classname="com.qa.xpath.DynamicTableXpathLoopIteration"/>
</testsuite> <!-- com.qa.xpath.DynamicTableXpathLoopIteration -->
