<?xml version="1.0" encoding="UTF-8"?>
<!-- Generated by org.testng.reporters.JUnitReportReporter -->
<testsuite skipped="0" hostname="RAM-PC" name="com.qa.fileOperation.DownloadFileAuto" tests="1" failures="0" timestamp="17 Mar 2020 05:40:24 GMT" time="20.446" errors="0">
  <testcase name="download" time="20.446" classname="com.qa.fileOperation.DownloadFileAuto"/>
</testsuite> <!-- com.qa.fileOperation.DownloadFileAuto -->
