<?xml version="1.0" encoding="UTF-8"?>
<!-- Generated by org.testng.reporters.JUnitReportReporter -->
<testsuite skipped="0" hostname="RAM-PC" name="com.qa.javascriptExecuter.PageScrollupToBottom" tests="1" failures="0" timestamp="20 Feb 2020 09:42:35 GMT" time="0.910" errors="0">
  <testcase name="pageScrollupToBottom" time="0.910" classname="com.qa.javascriptExecuter.PageScrollupToBottom"/>
</testsuite> <!-- com.qa.javascriptExecuter.PageScrollupToBottom -->
