<?xml version="1.0" encoding="UTF-8"?>
<!-- Generated by org.testng.reporters.JUnitReportReporter -->
<testsuite hostname="DESKTOP-TQ4UPAI" failures="0" tests="2" name="com.qa.singletonePattern.TestSingletonePattern" time="50.382" errors="0" timestamp="26 Mar 2020 07:25:18 GMT" skipped="0">
  <testcase classname="com.qa.singletonePattern.TestSingletonePattern" name="verifyTitle" time="26.085"/>
  <testcase classname="com.qa.singletonePattern.TestSingletonePattern" name="verilyLocator" time="24.297"/>
</testsuite> <!-- com.qa.singletonePattern.TestSingletonePattern -->
