<?xml version="1.0" encoding="UTF-8"?>
<!-- Generated by org.testng.reporters.JUnitReportReporter -->
<testsuite skipped="0" hostname="RAM-PC" name="com.qa.ExpectedConditionsClass.ExpectedConditions_elementToBeClickable" tests="1" failures="0" timestamp="15 Mar 2020 23:52:40 GMT" time="4.932" errors="0">
  <testcase name="webElementToBeClickable" time="4.932" classname="com.qa.ExpectedConditionsClass.ExpectedConditions_elementToBeClickable"/>
</testsuite> <!-- com.qa.ExpectedConditionsClass.ExpectedConditions_elementToBeClickable -->
