<?xml version="1.0" encoding="UTF-8"?>
<!-- Generated by org.testng.reporters.JUnitReportReporter -->
<testsuite skipped="0" hostname="RAM-PC" name="com.qa.javascriptExecuter.HighLightElement" tests="1" failures="0" timestamp="20 Feb 2020 06:41:09 GMT" time="1.287" errors="0">
  <testcase name="highLightElement" time="1.287" classname="com.qa.javascriptExecuter.HighLightElement"/>
</testsuite> <!-- com.qa.javascriptExecuter.HighLightElement -->
