<?xml version="1.0" encoding="UTF-8"?>
<!-- Generated by org.testng.reporters.JUnitReportReporter -->
<testsuite skipped="0" hostname="RAM-PC" name="com.qa.ExpectedConditionsClass.ExpectedConditions_attributeContains" tests="1" failures="0" timestamp="15 Mar 2020 23:32:21 GMT" time="11.768" errors="1">
  <testcase name="verifyAttributeContains" time="11.768" classname="com.qa.ExpectedConditionsClass.ExpectedConditions_attributeContains">
    <error type="org.openqa.selenium.TimeoutException" message="Expected condition failed: waiting for value to contain &quot;/Students/Index1&quot;. Current value: &quot;null&quot; (tried for 10 second(s) with 800 milliseconds interval)
Build info: version: &#039;3.12.0&#039;, revision: &#039;7c6e0b3&#039;, time: &#039;2018-05-08T14:04:26.12Z&#039;
System info: host: &#039;RAM-PC&#039;, ip: &#039;192.168.0.2&#039;, os.name: &#039;Windows 7&#039;, os.arch: &#039;amd64&#039;, os.version: &#039;6.1&#039;, java.version: &#039;1.8.0_101&#039;
Driver info: org.openqa.selenium.chrome.ChromeDriver
Capabilities {acceptInsecureCerts: false, acceptSslCerts: false, applicationCacheEnabled: false, browserConnectionEnabled: false, browserName: chrome, chrome: {chromedriverVersion: 2.44.609538 (b655c5a60b0b54..., userDataDir: C:\Users\RAMCHE~1\AppData\L...}, cssSelectorsEnabled: true, databaseEnabled: false, goog:chromeOptions: {debuggerAddress: localhost:2195}, handlesAlerts: true, hasTouchScreen: false, javascriptEnabled: true, locationContextEnabled: true, mobileEmulationEnabled: false, nativeEvents: true, networkConnectionEnabled: false, pageLoadStrategy: normal, platform: XP, platformName: XP, rotatable: false, setWindowRect: true, takesHeapSnapshot: true, takesScreenshot: true, unexpectedAlertBehaviour: ignore, unhandledPromptBehavior: ignore, version: 80.0.3987.132, webStorageEnabled: true}
Session ID: bb7e53f13fd4a8979efe4cf527b5feec">
      <![CDATA[org.openqa.selenium.TimeoutException: Expected condition failed: waiting for value to contain "/Students/Index1". Current value: "null" (tried for 10 second(s) with 800 milliseconds interval)
Build info: version: '3.12.0', revision: '7c6e0b3', time: '2018-05-08T14:04:26.12Z'
System info: host: 'RAM-PC', ip: '192.168.0.2', os.name: 'Windows 7', os.arch: 'amd64', os.version: '6.1', java.version: '1.8.0_101'
Driver info: org.openqa.selenium.chrome.ChromeDriver
Capabilities {acceptInsecureCerts: false, acceptSslCerts: false, applicationCacheEnabled: false, browserConnectionEnabled: false, browserName: chrome, chrome: {chromedriverVersion: 2.44.609538 (b655c5a60b0b54..., userDataDir: C:\Users\RAMCHE~1\AppData\L...}, cssSelectorsEnabled: true, databaseEnabled: false, goog:chromeOptions: {debuggerAddress: localhost:2195}, handlesAlerts: true, hasTouchScreen: false, javascriptEnabled: true, locationContextEnabled: true, mobileEmulationEnabled: false, nativeEvents: true, networkConnectionEnabled: false, pageLoadStrategy: normal, platform: XP, platformName: XP, rotatable: false, setWindowRect: true, takesHeapSnapshot: true, takesScreenshot: true, unexpectedAlertBehaviour: ignore, unhandledPromptBehavior: ignore, version: 80.0.3987.132, webStorageEnabled: true}
Session ID: bb7e53f13fd4a8979efe4cf527b5feec
at org.openqa.selenium.support.ui.WebDriverWait.timeoutException(WebDriverWait.java:81)
at org.openqa.selenium.support.ui.FluentWait.until(FluentWait.java:271)
at com.qa.ExpectedConditionsClass.ExpectedConditions_attributeContains.verifyAttributeContains(ExpectedConditions_attributeContains.java:20)
at sun.reflect.NativeMethodAccessorImpl.invoke0(Native Method)
at sun.reflect.NativeMethodAccessorImpl.invoke(NativeMethodAccessorImpl.java:62)
at sun.reflect.DelegatingMethodAccessorImpl.invoke(DelegatingMethodAccessorImpl.java:43)
at java.lang.reflect.Method.invoke(Method.java:498)
at org.testng.internal.MethodInvocationHelper.invokeMethod(MethodInvocationHelper.java:124)
at org.testng.internal.Invoker.invokeMethod(Invoker.java:583)
at org.testng.internal.Invoker.invokeTestMethod(Invoker.java:719)
at org.testng.internal.Invoker.invokeTestMethods(Invoker.java:989)
at org.testng.internal.TestMethodWorker.invokeTestMethods(TestMethodWorker.java:125)
at org.testng.internal.TestMethodWorker.run(TestMethodWorker.java:109)
at org.testng.TestRunner.privateRun(TestRunner.java:648)
at org.testng.TestRunner.run(TestRunner.java:505)
at org.testng.SuiteRunner.runTest(SuiteRunner.java:455)
at org.testng.SuiteRunner.runSequentially(SuiteRunner.java:450)
at org.testng.SuiteRunner.privateRun(SuiteRunner.java:415)
at org.testng.SuiteRunner.run(SuiteRunner.java:364)
at org.testng.SuiteRunnerWorker.runSuite(SuiteRunnerWorker.java:52)
at org.testng.SuiteRunnerWorker.run(SuiteRunnerWorker.java:84)
at org.testng.TestNG.runSuitesSequentially(TestNG.java:1208)
at org.testng.TestNG.runSuitesLocally(TestNG.java:1137)
at org.testng.TestNG.runSuites(TestNG.java:1049)
at org.testng.TestNG.run(TestNG.java:1017)
at org.testng.remote.AbstractRemoteTestNG.run(AbstractRemoteTestNG.java:114)
at org.testng.remote.RemoteTestNG.initAndRun(RemoteTestNG.java:251)
at org.testng.remote.RemoteTestNG.main(RemoteTestNG.java:77)
]]>
    </error>
  </testcase> <!-- verifyAttributeContains -->
</testsuite> <!-- com.qa.ExpectedConditionsClass.ExpectedConditions_attributeContains -->
