<?xml version="1.0" encoding="UTF-8"?>
<!-- Generated by org.testng.reporters.JUnitReportReporter -->
<testsuite skipped="0" hostname="RAM-PC" name="com.qa.xpath.DynamicXpathToDynamicSearchText" tests="1" failures="0" timestamp="02 Mar 2020 05:16:20 GMT" time="6.041" errors="0">
  <testcase name="dynamicXpathToDynamicSearchText" time="6.041" classname="com.qa.xpath.DynamicXpathToDynamicSearchText"/>
</testsuite> <!-- com.qa.xpath.DynamicXpathToDynamicSearchText -->
