<?xml version="1.0" encoding="UTF-8"?>
<!-- Generated by org.testng.reporters.JUnitReportReporter -->
<testsuite hostname="DESKTOP-TQ4UPAI" failures="0" tests="3" name="com.qa.fileOperation.PDFfileReader" time="8.611" errors="0" timestamp="27 Mar 2020 18:46:03 GMT" skipped="2">
  <testcase classname="com.qa.fileOperation.PDFfileReader" name="readPDFfile" time="8.611"/>
  <testcase classname="com.qa.fileOperation.PDFfileReader" name="readPDFfileByParsing">
    <skipped/>
  </testcase> <!-- readPDFfileByParsing -->
  <testcase classname="com.qa.fileOperation.PDFfileReader" name="readPDFPageWise">
    <skipped/>
  </testcase> <!-- readPDFPageWise -->
</testsuite> <!-- com.qa.fileOperation.PDFfileReader -->
