<?xml version="1.0" encoding="UTF-8"?>
<!-- Generated by org.testng.reporters.JUnitReportReporter -->
<testsuite skipped="0" hostname="RAM-PC" name="com.qa.seleniumExceptions.SeleniumIllegalStateException" tests="1" failures="0" timestamp="14 Mar 2020 04:41:27 GMT" time="0.126" errors="0">
  <testcase name="illegalStateException" time="0.126" classname="com.qa.seleniumExceptions.SeleniumIllegalStateException"/>
</testsuite> <!-- com.qa.seleniumExceptions.SeleniumIllegalStateException -->
