<?xml version="1.0" encoding="UTF-8"?>
<!-- Generated by org.testng.reporters.JUnitReportReporter -->
<testsuite hostname="RAM-PC" name="com.qa.seleniumQuestions.GetAllLinks" tests="1" failures="0" timestamp="14 Feb 2020 05:19:48 GMT" time="6.743" errors="0">
  <testcase name="getAllLinks" time="6.743" classname="com.qa.seleniumQuestions.GetAllLinks"/>
</testsuite> <!-- com.qa.seleniumQuestions.GetAllLinks -->
