<?xml version="1.0" encoding="UTF-8"?>
<!-- Generated by org.testng.reporters.JUnitReportReporter -->
<testsuite skipped="0" hostname="RAM-PC" name="com.qa.utility.DropDownBootStrapWithoutSelectClass" tests="1" failures="0" timestamp="03 Mar 2020 09:59:20 GMT" time="9.529" errors="0">
  <testcase name="bootStrapDropDownNoSelectClass" time="9.529" classname="com.qa.utility.DropDownBootStrapWithoutSelectClass"/>
</testsuite> <!-- com.qa.utility.DropDownBootStrapWithoutSelectClass -->
