<?xml version="1.0" encoding="UTF-8"?>
<!-- Generated by org.testng.reporters.JUnitReportReporter -->
<testsuite hostname="RAM-PC" name="com.java.seleniumFeature.WindowHandlesInSelenium" tests="1" failures="0" timestamp="19 Feb 2020 09:19:22 GMT" time="1.465" errors="0">
  <testcase name="wndowHandlesInSelenium" time="1.465" classname="com.java.seleniumFeature.WindowHandlesInSelenium"/>
</testsuite> <!-- com.java.seleniumFeature.WindowHandlesInSelenium -->
