<?xml version="1.0" encoding="UTF-8"?>
<!-- Generated by org.testng.reporters.JUnitReportReporter -->
<testsuite skipped="0" hostname="RAM-PC" name="com.qa.xpath.CustomXpathDynamicVariable" tests="2" failures="0" timestamp="25 Feb 2020 09:19:13 GMT" time="0.185" errors="0">
  <testcase name="createXpathTest" time="0.127" classname="com.qa.xpath.CustomXpathDynamicVariable"/>
  <testcase name="createXpathObjArrayXpath" time="0.058" classname="com.qa.xpath.CustomXpathDynamicVariable"/>
</testsuite> <!-- com.qa.xpath.CustomXpathDynamicVariable -->
