<?xml version="1.0" encoding="UTF-8"?>
<!-- Generated by org.testng.reporters.JUnitReportReporter -->
<testsuite skipped="0" hostname="RAM-PC" name="com.qa.autoIt.AutoITForWindPopUp" tests="1" failures="0" timestamp="26 Feb 2020 09:54:38 GMT" time="12.904" errors="0">
  <testcase name="autoITForWindPopUp" time="12.904" classname="com.qa.autoIt.AutoITForWindPopUp"/>
</testsuite> <!-- com.qa.autoIt.AutoITForWindPopUp -->
