<?xml version="1.0" encoding="UTF-8"?>
<!-- Generated by org.testng.reporters.JUnitReportReporter -->
<testsuite skipped="1" hostname="RAM-PC" name="com.qa.utility.GetAllFrames" tests="2" failures="0" timestamp="18 Mar 2020 06:42:24 GMT" time="12.726" errors="0">
  <testcase name="getAllFramesName" time="12.726" classname="com.qa.utility.GetAllFrames"/>
  <testcase name="getIframe" classname="com.qa.utility.GetAllFrames">
    <skipped/>
  </testcase> <!-- getIframe -->
</testsuite> <!-- com.qa.utility.GetAllFrames -->
