<?xml version="1.0" encoding="UTF-8"?>
<!-- Generated by org.testng.reporters.JUnitReportReporter -->
<testsuite skipped="0" hostname="RAM-PC" name="com.qa.ExpectedConditionsClass.frameToBeAvailableAndSwitchToIt_ExpectedConditions" tests="1" failures="0" timestamp="17 Mar 2020 09:55:58 GMT" time="1.534" errors="0">
  <testcase name="frameToBeAvailableAndSwitchToItUsingByLocator" time="1.534" classname="com.qa.ExpectedConditionsClass.frameToBeAvailableAndSwitchToIt_ExpectedConditions"/>
</testsuite> <!-- com.qa.ExpectedConditionsClass.frameToBeAvailableAndSwitchToIt_ExpectedConditions -->
