<?xml version="1.0" encoding="UTF-8"?>
<!-- Generated by org.testng.reporters.JUnitReportReporter -->
<testsuite skipped="0" hostname="RAM-PC" name="com.qa.utility.BasicAuth_viaPopUp" tests="1" failures="0" timestamp="18 Mar 2020 06:15:30 GMT" time="6.274" errors="0">
  <testcase name="basicAuth" time="6.274" classname="com.qa.utility.BasicAuth_viaPopUp"/>
</testsuite> <!-- com.qa.utility.BasicAuth_viaPopUp -->
