<?xml version="1.0" encoding="UTF-8"?>
<!-- Generated by org.testng.reporters.JUnitReportReporter -->
<testsuite skipped="0" hostname="RAM-PC" name="com.qa.javascriptExecuter.FindSearchElementByPageScrolling" tests="1" failures="0" timestamp="20 Feb 2020 09:40:19 GMT" time="3.818" errors="0">
  <testcase name="pageScrollToFindElement" time="3.818" classname="com.qa.javascriptExecuter.FindSearchElementByPageScrolling"/>
</testsuite> <!-- com.qa.javascriptExecuter.FindSearchElementByPageScrolling -->
