<?xml version="1.0" encoding="UTF-8"?>
<!-- Generated by org.testng.reporters.JUnitReportReporter -->
<testsuite skipped="0" hostname="RAM-PC" name="com.qa.javascriptExecuter.DrawBordertoElement" tests="1" failures="0" timestamp="20 Feb 2020 09:53:17 GMT" time="2.122" errors="0">
  <testcase name="drawBordertoElement" time="2.122" classname="com.qa.javascriptExecuter.DrawBordertoElement"/>
</testsuite> <!-- com.qa.javascriptExecuter.DrawBordertoElement -->
