<?xml version="1.0" encoding="UTF-8"?>
<!-- Generated by org.testng.reporters.JUnitReportReporter -->
<testsuite skipped="0" hostname="RAM-PC" name="com.qa.headlessBrowser.PhantomJSHeadlessBrowser" tests="1" failures="0" timestamp="13 Mar 2020 16:40:41 GMT" time="5.713" errors="0">
  <testcase name="phantomJSHeadlessBrowser" time="5.713" classname="com.qa.headlessBrowser.PhantomJSHeadlessBrowser"/>
</testsuite> <!-- com.qa.headlessBrowser.PhantomJSHeadlessBrowser -->
