<?xml version="1.0" encoding="UTF-8"?>
<!-- Generated by org.testng.reporters.JUnitReportReporter -->
<testsuite hostname="DESKTOP-TQ4UPAI" failures="0" tests="1" name="com.qa.specialLocators.ByChainedSpecialLocator" time="5.308" errors="0" timestamp="27 Mar 2020 19:31:12 GMT" skipped="0">
  <testcase classname="com.qa.specialLocators.ByChainedSpecialLocator" name="specialLocatorByChained" time="5.308"/>
</testsuite> <!-- com.qa.specialLocators.ByChainedSpecialLocator -->
