<?xml version="1.0" encoding="UTF-8"?>
<!-- Generated by org.testng.reporters.JUnitReportReporter -->
<testsuite skipped="0" hostname="RAM-PC" name="com.qa.alert.DynamicWaitToDisplayAlert" tests="1" failures="0" timestamp="02 Mar 2020 05:28:49 GMT" time="13.145" errors="0">
  <testcase name="dynamicWaitToDisplayAlert" time="13.145" classname="com.qa.alert.DynamicWaitToDisplayAlert"/>
</testsuite> <!-- com.qa.alert.DynamicWaitToDisplayAlert -->
