<?xml version="1.0" encoding="UTF-8"?>
<!-- Generated by org.testng.reporters.JUnitReportReporter -->
<testsuite skipped="0" hostname="LAPTOP-20TPOOCQ" name="com.qa.webdriver.basics.GetLinkAndClickIt" tests="1" failures="0" timestamp="07 Nov 2020 17:23:22 GMT" time="2.819" errors="0">
  <testcase name="locatorBasicTest" time="2.819" classname="com.qa.webdriver.basics.GetLinkAndClickIt"/>
</testsuite> <!-- com.qa.webdriver.basics.GetLinkAndClickIt -->
