<?xml version="1.0" encoding="UTF-8"?>
<!-- Generated by org.testng.reporters.JUnitReportReporter -->
<testsuite skipped="1" hostname="RAM-PC" name="com.qa.readYMLfile.EmployeeRWyaml" tests="2" failures="0" timestamp="10 Feb 2020 07:13:49 GMT" time="0.573" errors="0">
  <testcase name="readYAML" time="0.573" classname="com.qa.readYMLfile.EmployeeRWyaml"/>
  <testcase name="writeYML" classname="com.qa.readYMLfile.EmployeeRWyaml">
    <skipped/>
  </testcase> <!-- writeYML -->
</testsuite> <!-- com.qa.readYMLfile.EmployeeRWyaml -->
