<?xml version="1.0" encoding="UTF-8"?>
<!-- Generated by org.testng.reporters.JUnitReportReporter -->
<testsuite skipped="0" hostname="RAM-PC" name="com.qa.rest.test.PutRequest" tests="1" failures="0" timestamp="25 Nov 2019 10:10:40 GMT" time="2.454" errors="0">
  <testcase name="httpPutRequest" time="2.454" classname="com.qa.rest.test.PutRequest"/>
</testsuite> <!-- com.qa.rest.test.PutRequest -->
