<?xml version="1.0" encoding="UTF-8"?>
<!-- Generated by org.testng.reporters.JUnitReportReporter -->
<testsuite hostname="LAPTOP-20TPOOCQ" failures="0" tests="1" name="com.qa.rest.test.GetCallBDD" time="9.442" errors="0" timestamp="18 Feb 2021 07:53:25 GMT" skipped="0">
  <testcase classname="com.qa.rest.test.GetCallBDD" name="numOfCircuits_2017" time="9.442"/>
</testsuite> <!-- com.qa.rest.test.GetCallBDD -->
