<?xml version="1.0" encoding="UTF-8"?>
<!-- Generated by org.testng.reporters.JUnitReportReporter -->
<testsuite skipped="0" hostname="RAM-PC" name="com.qa.rest.test.PostRequest" tests="1" failures="0" timestamp="25 Nov 2019 10:04:34 GMT" time="2.814" errors="0">
  <testcase name="httpPostRequest" time="2.814" classname="com.qa.rest.test.PostRequest"/>
</testsuite> <!-- com.qa.rest.test.PostRequest -->
