<?xml version="1.0" encoding="UTF-8"?>
<!-- Generated by org.testng.reporters.JUnitReportReporter -->
<testsuite skipped="0" hostname="RAM-PC" name="com.qa.rest.test.GetCallBDD" tests="1" failures="0" timestamp="31 Jan 2020 00:21:36 GMT" time="7.160" errors="0">
  <testcase name="numOfCircuits_2017" time="7.160" classname="com.qa.rest.test.GetCallBDD"/>
</testsuite> <!-- com.qa.rest.test.GetCallBDD -->
