<?xml version="1.0" encoding="UTF-8"?>
<!-- Generated by org.testng.reporters.JUnitReportReporter -->
<testsuite skipped="0" hostname="RAM-PC" name="com.qa.rest.test.DeleteRequest" tests="1" failures="0" timestamp="25 Nov 2019 10:01:01 GMT" time="2.314" errors="0">
  <testcase name="httpDeleteRequest" time="2.314" classname="com.qa.rest.test.DeleteRequest"/>
</testsuite> <!-- com.qa.rest.test.DeleteRequest -->
