<?xml version="1.0" encoding="UTF-8"?>
<!-- Generated by org.testng.reporters.JUnitReportReporter -->
<testsuite skipped="0" hostname="RAM-PC" name="com.qa.rest.test.GetCallBDD" tests="1" failures="0" timestamp="25 Nov 2019 07:19:59 GMT" time="5.077" errors="0">
  <testcase name="numOfCircuits_2017" time="5.077" classname="com.qa.rest.test.GetCallBDD"/>
</testsuite> <!-- com.qa.rest.test.GetCallBDD -->
