<?xml version="1.0" encoding="UTF-8"?>
<!-- Generated by org.testng.reporters.JUnitReportReporter -->
<testsuite hostname="LAPTOP-20TPOOCQ" failures="0" tests="1" name="com.qa.rest.OAuthentication.OAuthentication" time="11.571" errors="0" timestamp="18 Feb 2021 07:39:13 GMT" skipped="0">
  <testcase classname="com.qa.rest.OAuthentication.OAuthentication" name="oAuthe" time="11.571"/>
</testsuite> <!-- com.qa.rest.OAuthentication.OAuthentication -->
