<?xml version="1.0" encoding="UTF-8"?>
<!-- Generated by org.testng.reporters.JUnitReportReporter -->
<testsuite skipped="2" hostname="RAM-PC" name="com.qa.rest.test.BasicAuthGetReq" tests="3" failures="0" timestamp="26 Nov 2019 06:46:03 GMT" time="3.992" errors="0">
  <testcase name="basicAuthDynamicURL" time="3.992" classname="com.qa.rest.test.BasicAuthGetReq"/>
  <testcase name="basicAuthenticationUsernamePassword" classname="com.qa.rest.test.BasicAuthGetReq">
    <skipped/>
  </testcase> <!-- basicAuthenticationUsernamePassword -->
  <testcase name="basicAuthDynamicCredentials" classname="com.qa.rest.test.BasicAuthGetReq">
    <skipped/>
  </testcase> <!-- basicAuthDynamicCredentials -->
</testsuite> <!-- com.qa.rest.test.BasicAuthGetReq -->
