<?xml version="1.0" encoding="UTF-8"?>
<!-- Generated by org.testng.reporters.JUnitReportReporter -->
<testsuite skipped="0" hostname="RAM-PC" name="com.qa.rest.OAuthentication.OAuthentication" tests="1" failures="0" timestamp="26 Nov 2019 09:55:15 GMT" time="6.251" errors="0">
  <testcase name="oAuthe" time="6.251" classname="com.qa.rest.OAuthentication.OAuthentication"/>
</testsuite> <!-- com.qa.rest.OAuthentication.OAuthentication -->
