<?xml version="1.0" encoding="UTF-8"?>
<!-- Generated by org.testng.reporters.JUnitReportReporter -->
<testsuite skipped="0" hostname="RAM-PC" name="com.qa.rest.test.PostGetPutDeleteRequest" tests="1" failures="0" timestamp="25 Nov 2019 22:14:27 GMT" time="3.417" errors="0">
  <testcase name="postRequest" time="3.417" classname="com.qa.rest.test.PostGetPutDeleteRequest"/>
</testsuite> <!-- com.qa.rest.test.PostGetPutDeleteRequest -->
