<?xml version="1.0" encoding="UTF-8"?>
<!-- Generated by org.testng.reporters.JUnitXMLReporter -->
<testsuite hostname="RAM-PC" ignored="0" name="Test-method test" tests="4" failures="0" timestamp="17 Feb 2020 06:09:21 GMT" time="24.832" errors="0">
  <testcase name="testMethodOne" time="0.019" classname="com.qa.parallel.ParallelClassesTestOne"/>
  <testcase name="testMethodTwo" time="0.001" classname="com.qa.parallel.ParallelClassesTestOne"/>
  <testcase name="testMethodOne" time="0.007" classname="com.qa.parallel.ParallelClassesTestTwo"/>
  <testcase name="testMethodTwo" time="0.002" classname="com.qa.parallel.ParallelClassesTestTwo"/>
</testsuite> <!-- Test-method test -->
